[0.187s] Invoking command in '/home/user/ros2_ws/build/urdfbot_description': _=/usr/bin/env /usr/bin/cmake --build /home/user/ros2_ws/build/urdfbot_description -- -j8 -l8
[0.415s] Invoked command in '/home/user/ros2_ws/build/urdfbot_description' returned '0': _=/usr/bin/env /usr/bin/cmake --build /home/user/ros2_ws/build/urdfbot_description -- -j8 -l8
[0.713s] Invoking command in '/home/user/ros2_ws/build/urdfbot_description': _=/usr/bin/env /usr/bin/cmake --install /home/user/ros2_ws/build/urdfbot_description
[0.779s] -- Install configuration: ""
[0.780s] -- Up-to-date: /home/user/ros2_ws/install/urdfbot_description/share/urdfbot_description/urdf
[0.780s] -- Up-to-date: /home/user/ros2_ws/install/urdfbot_description/share/urdfbot_description/urdf/urdfbot_simple.urdf
[0.780s] -- Up-to-date: /home/user/ros2_ws/install/urdfbot_description/share/urdfbot_description/rviz
[0.780s] -- Up-to-date: /home/user/ros2_ws/install/urdfbot_description/share/urdfbot_description/rviz/urdf_vis.rviz
[0.781s] -- Up-to-date: /home/user/ros2_ws/install/urdfbot_description/share/urdfbot_description/launch
[0.781s] -- Up-to-date: /home/user/ros2_ws/install/urdfbot_description/share/urdfbot_description/launch/urdf_visualize.launch.py
[0.781s] -- Up-to-date: /home/user/ros2_ws/install/urdfbot_description/share/urdfbot_description/meshes
[0.782s] -- Up-to-date: /home/user/ros2_ws/install/urdfbot_description/share/urdfbot_description/meshes/urdfbot_limb.dae
[0.787s] -- Up-to-date: /home/user/ros2_ws/install/urdfbot_description/share/urdfbot_description/meshes/urdfbot_head.dae
[0.788s] -- Up-to-date: /home/user/ros2_ws/install/urdfbot_description/share/urdfbot_description/meshes/urdfbot_claw.dae
[0.788s] -- Up-to-date: /home/user/ros2_ws/install/urdfbot_description/share/urdfbot_description/meshes/urdfbot_texture.png
[0.789s] -- Up-to-date: /home/user/ros2_ws/install/urdfbot_description/share/urdfbot_description/meshes/urdfbot_foot.dae
[0.789s] -- Up-to-date: /home/user/ros2_ws/install/urdfbot_description/share/urdfbot_description/meshes/urdfbot_body.dae
[0.789s] -- Up-to-date: /home/user/ros2_ws/install/urdfbot_description/share/ament_index/resource_index/package_run_dependencies/urdfbot_description
[0.791s] -- Up-to-date: /home/user/ros2_ws/install/urdfbot_description/share/ament_index/resource_index/parent_prefix_path/urdfbot_description
[0.792s] -- Up-to-date: /home/user/ros2_ws/install/urdfbot_description/share/urdfbot_description/environment/ament_prefix_path.sh
[0.792s] -- Up-to-date: /home/user/ros2_ws/install/urdfbot_description/share/urdfbot_description/environment/ament_prefix_path.dsv
[0.792s] -- Up-to-date: /home/user/ros2_ws/install/urdfbot_description/share/urdfbot_description/environment/path.sh
[0.793s] -- Up-to-date: /home/user/ros2_ws/install/urdfbot_description/share/urdfbot_description/environment/path.dsv
[0.794s] -- Up-to-date: /home/user/ros2_ws/install/urdfbot_description/share/urdfbot_description/local_setup.bash
[0.794s] -- Up-to-date: /home/user/ros2_ws/install/urdfbot_description/share/urdfbot_description/local_setup.sh
[0.797s] -- Up-to-date: /home/user/ros2_ws/install/urdfbot_description/share/urdfbot_description/local_setup.zsh
[0.797s] -- Up-to-date: /home/user/ros2_ws/install/urdfbot_description/share/urdfbot_description/local_setup.dsv
[0.798s] -- Installing: /home/user/ros2_ws/install/urdfbot_description/share/urdfbot_description/package.dsv
[0.798s] -- Up-to-date: /home/user/ros2_ws/install/urdfbot_description/share/ament_index/resource_index/packages/urdfbot_description
[0.798s] -- Up-to-date: /home/user/ros2_ws/install/urdfbot_description/share/urdfbot_description/cmake/urdfbot_descriptionConfig.cmake
[0.798s] -- Up-to-date: /home/user/ros2_ws/install/urdfbot_description/share/urdfbot_description/cmake/urdfbot_descriptionConfig-version.cmake
[0.799s] -- Up-to-date: /home/user/ros2_ws/install/urdfbot_description/share/urdfbot_description/package.xml
[0.800s] Invoked command in '/home/user/ros2_ws/build/urdfbot_description' returned '0': _=/usr/bin/env /usr/bin/cmake --install /home/user/ros2_ws/build/urdfbot_description
