[0.022s] Invoking command in '/home/user/ros2_ws/build/my_box_bot_gazebo': AMENT_PREFIX_PATH=/home/user/ros2_ws/install/my_box_bot_description:${AMENT_PREFIX_PATH} CMAKE_PREFIX_PATH=/home/user/ros2_ws/install/my_box_bot_description${CMAKE_PREFIX_PATH} _=/usr/bin/env /usr/bin/cmake --build /home/user/ros2_ws/build/my_box_bot_gazebo -- -j8 -l8
[0.091s] Invoked command in '/home/user/ros2_ws/build/my_box_bot_gazebo' returned '0': AMENT_PREFIX_PATH=/home/user/ros2_ws/install/my_box_bot_description:${AMENT_PREFIX_PATH} CMAKE_PREFIX_PATH=/home/user/ros2_ws/install/my_box_bot_description${CMAKE_PREFIX_PATH} _=/usr/bin/env /usr/bin/cmake --build /home/user/ros2_ws/build/my_box_bot_gazebo -- -j8 -l8
[0.145s] Invoking command in '/home/user/ros2_ws/build/my_box_bot_gazebo': AMENT_PREFIX_PATH=/home/user/ros2_ws/install/my_box_bot_description:${AMENT_PREFIX_PATH} CMAKE_PREFIX_PATH=/home/user/ros2_ws/install/my_box_bot_description${CMAKE_PREFIX_PATH} _=/usr/bin/env /usr/bin/cmake --install /home/user/ros2_ws/build/my_box_bot_gazebo
[0.156s] -- Install configuration: ""
[0.156s] -- Up-to-date: /home/user/ros2_ws/install/my_box_bot_gazebo/share/my_box_bot_gazebo//launch
[0.156s] -- Installing: /home/user/ros2_ws/install/my_box_bot_gazebo/share/my_box_bot_gazebo//launch/spawn_robot_ros2.launch.xml
[0.156s] -- Installing: /home/user/ros2_ws/install/my_box_bot_gazebo/share/my_box_bot_gazebo//launch/spawn_robot_description.launch.py
[0.156s] -- Up-to-date: /home/user/ros2_ws/install/my_box_bot_gazebo/share/my_box_bot_gazebo//launch/start_world.launch.py
[0.156s] -- Up-to-date: /home/user/ros2_ws/install/my_box_bot_gazebo/share/my_box_bot_gazebo//worlds
[0.157s] -- Up-to-date: /home/user/ros2_ws/install/my_box_bot_gazebo/share/my_box_bot_gazebo//worlds/box_bot_empty.world
[0.157s] -- Up-to-date: /home/user/ros2_ws/install/my_box_bot_gazebo/share/my_box_bot_gazebo//models
[0.157s] -- Up-to-date: /home/user/ros2_ws/install/my_box_bot_gazebo/share/my_box_bot_gazebo//models/box_room
[0.157s] -- Up-to-date: /home/user/ros2_ws/install/my_box_bot_gazebo/share/my_box_bot_gazebo//models/box_room/model.sdf
[0.157s] -- Up-to-date: /home/user/ros2_ws/install/my_box_bot_gazebo/share/my_box_bot_gazebo//models/box_room/meshes
[0.157s] -- Up-to-date: /home/user/ros2_ws/install/my_box_bot_gazebo/share/my_box_bot_gazebo//models/box_room/meshes/box_room.dae
[0.157s] -- Up-to-date: /home/user/ros2_ws/install/my_box_bot_gazebo/share/my_box_bot_gazebo//models/box_room/meshes/chambre.png
[0.157s] -- Up-to-date: /home/user/ros2_ws/install/my_box_bot_gazebo/share/my_box_bot_gazebo//models/box_room/model.config
[0.157s] -- Up-to-date: /home/user/ros2_ws/install/my_box_bot_gazebo/share/ament_index/resource_index/package_run_dependencies/my_box_bot_gazebo
[0.158s] -- Up-to-date: /home/user/ros2_ws/install/my_box_bot_gazebo/share/ament_index/resource_index/parent_prefix_path/my_box_bot_gazebo
[0.158s] -- Up-to-date: /home/user/ros2_ws/install/my_box_bot_gazebo/share/my_box_bot_gazebo/environment/ament_prefix_path.sh
[0.158s] -- Up-to-date: /home/user/ros2_ws/install/my_box_bot_gazebo/share/my_box_bot_gazebo/environment/ament_prefix_path.dsv
[0.158s] -- Up-to-date: /home/user/ros2_ws/install/my_box_bot_gazebo/share/my_box_bot_gazebo/environment/path.sh
[0.158s] -- Up-to-date: /home/user/ros2_ws/install/my_box_bot_gazebo/share/my_box_bot_gazebo/environment/path.dsv
[0.158s] -- Up-to-date: /home/user/ros2_ws/install/my_box_bot_gazebo/share/my_box_bot_gazebo/local_setup.bash
[0.158s] -- Up-to-date: /home/user/ros2_ws/install/my_box_bot_gazebo/share/my_box_bot_gazebo/local_setup.sh
[0.158s] -- Up-to-date: /home/user/ros2_ws/install/my_box_bot_gazebo/share/my_box_bot_gazebo/local_setup.zsh
[0.158s] -- Up-to-date: /home/user/ros2_ws/install/my_box_bot_gazebo/share/my_box_bot_gazebo/local_setup.dsv
[0.158s] -- Up-to-date: /home/user/ros2_ws/install/my_box_bot_gazebo/share/my_box_bot_gazebo/package.dsv
[0.159s] -- Up-to-date: /home/user/ros2_ws/install/my_box_bot_gazebo/share/ament_index/resource_index/packages/my_box_bot_gazebo
[0.159s] -- Up-to-date: /home/user/ros2_ws/install/my_box_bot_gazebo/share/my_box_bot_gazebo/cmake/my_box_bot_gazeboConfig.cmake
[0.159s] -- Up-to-date: /home/user/ros2_ws/install/my_box_bot_gazebo/share/my_box_bot_gazebo/cmake/my_box_bot_gazeboConfig-version.cmake
[0.159s] -- Up-to-date: /home/user/ros2_ws/install/my_box_bot_gazebo/share/my_box_bot_gazebo/package.xml
[0.162s] Invoked command in '/home/user/ros2_ws/build/my_box_bot_gazebo' returned '0': AMENT_PREFIX_PATH=/home/user/ros2_ws/install/my_box_bot_description:${AMENT_PREFIX_PATH} CMAKE_PREFIX_PATH=/home/user/ros2_ws/install/my_box_bot_description${CMAKE_PREFIX_PATH} _=/usr/bin/env /usr/bin/cmake --install /home/user/ros2_ws/build/my_box_bot_gazebo
