[0.031s] Invoking command in '/home/user/ros2_ws/build/my_box_bot_description': _=/usr/bin/env /usr/bin/cmake --build /home/user/ros2_ws/build/my_box_bot_description -- -j8 -l8
[1.452s] Invoked command in '/home/user/ros2_ws/build/my_box_bot_description' returned '0': _=/usr/bin/env /usr/bin/cmake --build /home/user/ros2_ws/build/my_box_bot_description -- -j8 -l8
[1.510s] Invoking command in '/home/user/ros2_ws/build/my_box_bot_description': _=/usr/bin/env /usr/bin/cmake --install /home/user/ros2_ws/build/my_box_bot_description
[1.523s] -- Install configuration: ""
[1.524s] -- Execute custom install script
[1.525s] -- Up-to-date symlink: /home/user/ros2_ws/install/my_box_bot_description/share/my_box_bot_description/urdf/box_bot_geometric.urdf
[1.525s] -- Up-to-date symlink: /home/user/ros2_ws/install/my_box_bot_description/share/my_box_bot_description/urdf/box_bot_geometric_meshes.urdf
[1.525s] -- Up-to-date symlink: /home/user/ros2_ws/install/my_box_bot_description/share/my_box_bot_description/urdf/box_bot_meshes_collisions_inertias.urdf
[1.525s] -- Symlinking: /home/user/ros2_ws/install/my_box_bot_description/share/my_box_bot_description/urdf/box_bot_physcal_control.urdf
[1.536s] -- Up-to-date symlink: /home/user/ros2_ws/install/my_box_bot_description/share/my_box_bot_description/urdf/box_bot_physical_properties.urdf
[1.536s] -- Up-to-date symlink: /home/user/ros2_ws/install/my_box_bot_description/share/my_box_bot_description/rviz/urdf_vis.rviz
[1.536s] -- Symlinking: /home/user/ros2_ws/install/my_box_bot_description/share/my_box_bot_description/launch/urdf_visualize_control.launch.py
[1.546s] -- Up-to-date symlink: /home/user/ros2_ws/install/my_box_bot_description/share/my_box_bot_description/launch/urdf_visualize_geometric.launch.py
[1.546s] -- Up-to-date symlink: /home/user/ros2_ws/install/my_box_bot_description/share/my_box_bot_description/launch/urdf_visualize_meshes.launch.py
[1.547s] -- Up-to-date symlink: /home/user/ros2_ws/install/my_box_bot_description/share/my_box_bot_description/launch/urdf_visualize_meshes_collisions_inertias.launch.py
[1.548s] -- Up-to-date symlink: /home/user/ros2_ws/install/my_box_bot_description/share/my_box_bot_description/launch/urdf_visualize_physical.launch.py
[1.548s] -- Up-to-date symlink: /home/user/ros2_ws/install/my_box_bot_description/share/my_box_bot_description/meshes/cute_cube.blend
[1.548s] -- Up-to-date symlink: /home/user/ros2_ws/install/my_box_bot_description/share/my_box_bot_description/meshes/cute_cube.dae
[1.549s] -- Up-to-date symlink: /home/user/ros2_ws/install/my_box_bot_description/share/my_box_bot_description/meshes/lambert3_baseColor.png
[1.550s] -- Up-to-date symlink: /home/user/ros2_ws/install/my_box_bot_description/share/my_box_bot_description/meshes/sensors/realsense.dae
[1.550s] -- Up-to-date symlink: /home/user/ros2_ws/install/my_box_bot_description/share/my_box_bot_description/meshes/sensors/rplidar.dae
[1.550s] -- Up-to-date symlink: /home/user/ros2_ws/install/my_box_bot_description/share/my_box_bot_description/meshes/sensors/rplidartexture.png
[1.550s] -- Up-to-date symlink: /home/user/ros2_ws/install/my_box_bot_description/share/my_box_bot_description/meshes/textures/lambert3_baseColor.png
[1.550s] -- Up-to-date symlink: /home/user/ros2_ws/install/my_box_bot_description/share/ament_index/resource_index/package_run_dependencies/my_box_bot_description
[1.551s] -- Up-to-date symlink: /home/user/ros2_ws/install/my_box_bot_description/share/ament_index/resource_index/parent_prefix_path/my_box_bot_description
[1.551s] -- Up-to-date symlink: /home/user/ros2_ws/install/my_box_bot_description/share/my_box_bot_description/environment/ament_prefix_path.sh
[1.551s] -- Up-to-date symlink: /home/user/ros2_ws/install/my_box_bot_description/share/my_box_bot_description/environment/ament_prefix_path.dsv
[1.552s] -- Up-to-date symlink: /home/user/ros2_ws/install/my_box_bot_description/share/my_box_bot_description/environment/path.sh
[1.552s] -- Up-to-date symlink: /home/user/ros2_ws/install/my_box_bot_description/share/my_box_bot_description/environment/path.dsv
[1.552s] -- Up-to-date symlink: /home/user/ros2_ws/install/my_box_bot_description/share/my_box_bot_description/local_setup.bash
[1.552s] -- Up-to-date symlink: /home/user/ros2_ws/install/my_box_bot_description/share/my_box_bot_description/local_setup.sh
[1.553s] -- Up-to-date symlink: /home/user/ros2_ws/install/my_box_bot_description/share/my_box_bot_description/local_setup.zsh
[1.553s] -- Up-to-date symlink: /home/user/ros2_ws/install/my_box_bot_description/share/my_box_bot_description/local_setup.dsv
[1.553s] -- Symlinking: /home/user/ros2_ws/install/my_box_bot_description/share/my_box_bot_description/package.dsv
[1.564s] -- Up-to-date symlink: /home/user/ros2_ws/install/my_box_bot_description/share/ament_index/resource_index/packages/my_box_bot_description
[1.564s] -- Up-to-date symlink: /home/user/ros2_ws/install/my_box_bot_description/share/my_box_bot_description/cmake/my_box_bot_descriptionConfig.cmake
[1.565s] -- Up-to-date symlink: /home/user/ros2_ws/install/my_box_bot_description/share/my_box_bot_description/cmake/my_box_bot_descriptionConfig-version.cmake
[1.565s] -- Up-to-date symlink: /home/user/ros2_ws/install/my_box_bot_description/share/my_box_bot_description/package.xml
[1.569s] Invoked command in '/home/user/ros2_ws/build/my_box_bot_description' returned '0': _=/usr/bin/env /usr/bin/cmake --install /home/user/ros2_ws/build/my_box_bot_description
