[0.026s] Invoking command in '/home/user/ros2_ws/build/my_box_bot_gazebo': CMAKE_PREFIX_PATH=/home/user/ros2_ws/install/my_box_bot_description:/home/user/ros2_ws/install/urdfbot_description:/home/user/ros2_ws/install/my_box_bot_gazebo:/opt/ros/galactic:/opt/ros/galactic _=/usr/bin/env /usr/bin/cmake --build /home/user/ros2_ws/build/my_box_bot_gazebo -- -j8 -l8
[0.100s] Invoked command in '/home/user/ros2_ws/build/my_box_bot_gazebo' returned '0': CMAKE_PREFIX_PATH=/home/user/ros2_ws/install/my_box_bot_description:/home/user/ros2_ws/install/urdfbot_description:/home/user/ros2_ws/install/my_box_bot_gazebo:/opt/ros/galactic:/opt/ros/galactic _=/usr/bin/env /usr/bin/cmake --build /home/user/ros2_ws/build/my_box_bot_gazebo -- -j8 -l8
[0.154s] Invoking command in '/home/user/ros2_ws/build/my_box_bot_gazebo': CMAKE_PREFIX_PATH=/home/user/ros2_ws/install/my_box_bot_description:/home/user/ros2_ws/install/urdfbot_description:/home/user/ros2_ws/install/my_box_bot_gazebo:/opt/ros/galactic:/opt/ros/galactic _=/usr/bin/env /usr/bin/cmake --install /home/user/ros2_ws/build/my_box_bot_gazebo
[0.168s] -- Install configuration: ""
[0.169s] -- Execute custom install script
[0.170s] -- Up-to-date symlink: /home/user/ros2_ws/install/my_box_bot_gazebo/share/my_box_bot_gazebo//launch/control.launch.py
[0.170s] -- Up-to-date symlink: /home/user/ros2_ws/install/my_box_bot_gazebo/share/my_box_bot_gazebo//launch/control_position_velocity.launch.py
[0.171s] -- Up-to-date symlink: /home/user/ros2_ws/install/my_box_bot_gazebo/share/my_box_bot_gazebo//launch/main.launch.xml
[0.171s] -- Up-to-date symlink: /home/user/ros2_ws/install/my_box_bot_gazebo/share/my_box_bot_gazebo//launch/spawn_robot_description.launch.py
[0.171s] -- Up-to-date symlink: /home/user/ros2_ws/install/my_box_bot_gazebo/share/my_box_bot_gazebo//launch/spawn_robot_ros2.launch.xml
[0.172s] -- Up-to-date symlink: /home/user/ros2_ws/install/my_box_bot_gazebo/share/my_box_bot_gazebo//launch/spawn_robot_ros2_control.launch.xml
[0.172s] -- Up-to-date symlink: /home/user/ros2_ws/install/my_box_bot_gazebo/share/my_box_bot_gazebo//launch/spawn_robot_ros2_control_complete.launch.xml
[0.172s] -- Up-to-date symlink: /home/user/ros2_ws/install/my_box_bot_gazebo/share/my_box_bot_gazebo//launch/spawn_robot_ros2_control_velocity.launch.xml
[0.173s] -- Up-to-date symlink: /home/user/ros2_ws/install/my_box_bot_gazebo/share/my_box_bot_gazebo//launch/spawn_robot_ros2_final.launch.xml
[0.173s] -- Up-to-date symlink: /home/user/ros2_ws/install/my_box_bot_gazebo/share/my_box_bot_gazebo//launch/spawn_robot_ros2_physical.launch.xml
[0.173s] -- Up-to-date symlink: /home/user/ros2_ws/install/my_box_bot_gazebo/share/my_box_bot_gazebo//launch/spawn_robot_ros2_sensor.launch.xml
[0.174s] -- Up-to-date symlink: /home/user/ros2_ws/install/my_box_bot_gazebo/share/my_box_bot_gazebo//launch/start_world.launch.py
[0.174s] -- Up-to-date symlink: /home/user/ros2_ws/install/my_box_bot_gazebo/share/my_box_bot_gazebo//launch/start_world_box_room.launch.py
[0.175s] -- Up-to-date symlink: /home/user/ros2_ws/install/my_box_bot_gazebo/share/my_box_bot_gazebo//worlds/box_bot_empty.world
[0.175s] -- Up-to-date symlink: /home/user/ros2_ws/install/my_box_bot_gazebo/share/my_box_bot_gazebo//worlds/room.world
[0.176s] -- Up-to-date symlink: /home/user/ros2_ws/install/my_box_bot_gazebo/share/my_box_bot_gazebo//models/box_room/meshes/box_room.dae
[0.176s] -- Up-to-date symlink: /home/user/ros2_ws/install/my_box_bot_gazebo/share/my_box_bot_gazebo//models/box_room/meshes/chambre.png
[0.176s] -- Up-to-date symlink: /home/user/ros2_ws/install/my_box_bot_gazebo/share/my_box_bot_gazebo//models/box_room/model.config
[0.177s] -- Up-to-date symlink: /home/user/ros2_ws/install/my_box_bot_gazebo/share/my_box_bot_gazebo//models/box_room/model.sdf
[0.177s] -- Up-to-date symlink: /home/user/ros2_ws/install/my_box_bot_gazebo/lib/my_box_bot_gazebo/move_laser.py
[0.178s] -- Up-to-date symlink: /home/user/ros2_ws/install/my_box_bot_gazebo/share/ament_index/resource_index/package_run_dependencies/my_box_bot_gazebo
[0.179s] -- Up-to-date symlink: /home/user/ros2_ws/install/my_box_bot_gazebo/share/ament_index/resource_index/parent_prefix_path/my_box_bot_gazebo
[0.179s] -- Up-to-date symlink: /home/user/ros2_ws/install/my_box_bot_gazebo/share/my_box_bot_gazebo/environment/ament_prefix_path.sh
[0.180s] -- Up-to-date symlink: /home/user/ros2_ws/install/my_box_bot_gazebo/share/my_box_bot_gazebo/environment/ament_prefix_path.dsv
[0.180s] -- Up-to-date symlink: /home/user/ros2_ws/install/my_box_bot_gazebo/share/my_box_bot_gazebo/environment/path.sh
[0.181s] -- Up-to-date symlink: /home/user/ros2_ws/install/my_box_bot_gazebo/share/my_box_bot_gazebo/environment/path.dsv
[0.182s] -- Up-to-date symlink: /home/user/ros2_ws/install/my_box_bot_gazebo/share/my_box_bot_gazebo/local_setup.bash
[0.182s] -- Up-to-date symlink: /home/user/ros2_ws/install/my_box_bot_gazebo/share/my_box_bot_gazebo/local_setup.sh
[0.183s] -- Up-to-date symlink: /home/user/ros2_ws/install/my_box_bot_gazebo/share/my_box_bot_gazebo/local_setup.zsh
[0.183s] -- Up-to-date symlink: /home/user/ros2_ws/install/my_box_bot_gazebo/share/my_box_bot_gazebo/local_setup.dsv
[0.183s] -- Symlinking: /home/user/ros2_ws/install/my_box_bot_gazebo/share/my_box_bot_gazebo/package.dsv
[0.199s] -- Up-to-date symlink: /home/user/ros2_ws/install/my_box_bot_gazebo/share/ament_index/resource_index/packages/my_box_bot_gazebo
[0.199s] -- Up-to-date symlink: /home/user/ros2_ws/install/my_box_bot_gazebo/share/my_box_bot_gazebo/cmake/my_box_bot_gazeboConfig.cmake
[0.199s] -- Up-to-date symlink: /home/user/ros2_ws/install/my_box_bot_gazebo/share/my_box_bot_gazebo/cmake/my_box_bot_gazeboConfig-version.cmake
[0.201s] -- Up-to-date symlink: /home/user/ros2_ws/install/my_box_bot_gazebo/share/my_box_bot_gazebo/package.xml
[0.204s] Invoked command in '/home/user/ros2_ws/build/my_box_bot_gazebo' returned '0': CMAKE_PREFIX_PATH=/home/user/ros2_ws/install/my_box_bot_description:/home/user/ros2_ws/install/urdfbot_description:/home/user/ros2_ws/install/my_box_bot_gazebo:/opt/ros/galactic:/opt/ros/galactic _=/usr/bin/env /usr/bin/cmake --install /home/user/ros2_ws/build/my_box_bot_gazebo
