[0.032s] Invoking command in '/home/user/ros2_ws/build/my_box_bot_description': _=/usr/bin/env /usr/bin/cmake --build /home/user/ros2_ws/build/my_box_bot_description -- -j8 -l8
[0.142s] Invoked command in '/home/user/ros2_ws/build/my_box_bot_description' returned '0': _=/usr/bin/env /usr/bin/cmake --build /home/user/ros2_ws/build/my_box_bot_description -- -j8 -l8
[0.205s] Invoking command in '/home/user/ros2_ws/build/my_box_bot_description': _=/usr/bin/env /usr/bin/cmake --install /home/user/ros2_ws/build/my_box_bot_description
[0.217s] -- Install configuration: ""
[0.217s] -- Up-to-date: /home/user/ros2_ws/install/my_box_bot_description/share/my_box_bot_description/urdf
[0.218s] -- Installing: /home/user/ros2_ws/install/my_box_bot_description/share/my_box_bot_description/urdf/box_bot_meshes_collisions_inertias.urdf
[0.218s] -- Installing: /home/user/ros2_ws/install/my_box_bot_description/share/my_box_bot_description/urdf/box_bot_geometric_meshes.urdf
[0.218s] -- Up-to-date: /home/user/ros2_ws/install/my_box_bot_description/share/my_box_bot_description/urdf/box_bot_geometric.urdf
[0.218s] -- Up-to-date: /home/user/ros2_ws/install/my_box_bot_description/share/my_box_bot_description/rviz
[0.218s] -- Up-to-date: /home/user/ros2_ws/install/my_box_bot_description/share/my_box_bot_description/rviz/urdf_vis.rviz
[0.219s] -- Up-to-date: /home/user/ros2_ws/install/my_box_bot_description/share/my_box_bot_description/launch
[0.219s] -- Up-to-date: /home/user/ros2_ws/install/my_box_bot_description/share/my_box_bot_description/launch/urdf_visualize_meshes.launch.py
[0.219s] -- Installing: /home/user/ros2_ws/install/my_box_bot_description/share/my_box_bot_description/launch/urdf_visualize_meshes_collisions_inertias.launch.py
[0.219s] -- Up-to-date: /home/user/ros2_ws/install/my_box_bot_description/share/my_box_bot_description/launch/urdf_visualize_geometric.launch.py
[0.219s] -- Up-to-date: /home/user/ros2_ws/install/my_box_bot_description/share/my_box_bot_description/meshes
[0.219s] -- Up-to-date: /home/user/ros2_ws/install/my_box_bot_description/share/my_box_bot_description/meshes/cute_cube.dae
[0.219s] -- Up-to-date: /home/user/ros2_ws/install/my_box_bot_description/share/my_box_bot_description/meshes/sensors
[0.220s] -- Up-to-date: /home/user/ros2_ws/install/my_box_bot_description/share/my_box_bot_description/meshes/sensors/realsense.dae
[0.220s] -- Up-to-date: /home/user/ros2_ws/install/my_box_bot_description/share/my_box_bot_description/meshes/sensors/rplidar.dae
[0.220s] -- Up-to-date: /home/user/ros2_ws/install/my_box_bot_description/share/my_box_bot_description/meshes/sensors/rplidartexture.png
[0.220s] -- Up-to-date: /home/user/ros2_ws/install/my_box_bot_description/share/my_box_bot_description/meshes/lambert3_baseColor.png
[0.220s] -- Up-to-date: /home/user/ros2_ws/install/my_box_bot_description/share/my_box_bot_description/meshes/cute_cube.blend
[0.220s] -- Up-to-date: /home/user/ros2_ws/install/my_box_bot_description/share/my_box_bot_description/meshes/textures
[0.220s] -- Up-to-date: /home/user/ros2_ws/install/my_box_bot_description/share/my_box_bot_description/meshes/textures/lambert3_baseColor.png
[0.220s] -- Up-to-date: /home/user/ros2_ws/install/my_box_bot_description/share/ament_index/resource_index/package_run_dependencies/my_box_bot_description
[0.220s] -- Up-to-date: /home/user/ros2_ws/install/my_box_bot_description/share/ament_index/resource_index/parent_prefix_path/my_box_bot_description
[0.220s] -- Up-to-date: /home/user/ros2_ws/install/my_box_bot_description/share/my_box_bot_description/environment/ament_prefix_path.sh
[0.220s] -- Up-to-date: /home/user/ros2_ws/install/my_box_bot_description/share/my_box_bot_description/environment/ament_prefix_path.dsv
[0.220s] -- Up-to-date: /home/user/ros2_ws/install/my_box_bot_description/share/my_box_bot_description/environment/path.sh
[0.221s] -- Up-to-date: /home/user/ros2_ws/install/my_box_bot_description/share/my_box_bot_description/environment/path.dsv
[0.221s] -- Up-to-date: /home/user/ros2_ws/install/my_box_bot_description/share/my_box_bot_description/local_setup.bash
[0.221s] -- Up-to-date: /home/user/ros2_ws/install/my_box_bot_description/share/my_box_bot_description/local_setup.sh
[0.221s] -- Up-to-date: /home/user/ros2_ws/install/my_box_bot_description/share/my_box_bot_description/local_setup.zsh
[0.221s] -- Up-to-date: /home/user/ros2_ws/install/my_box_bot_description/share/my_box_bot_description/local_setup.dsv
[0.221s] -- Up-to-date: /home/user/ros2_ws/install/my_box_bot_description/share/my_box_bot_description/package.dsv
[0.221s] -- Up-to-date: /home/user/ros2_ws/install/my_box_bot_description/share/ament_index/resource_index/packages/my_box_bot_description
[0.221s] -- Up-to-date: /home/user/ros2_ws/install/my_box_bot_description/share/my_box_bot_description/cmake/my_box_bot_descriptionConfig.cmake
[0.221s] -- Up-to-date: /home/user/ros2_ws/install/my_box_bot_description/share/my_box_bot_description/cmake/my_box_bot_descriptionConfig-version.cmake
[0.221s] -- Up-to-date: /home/user/ros2_ws/install/my_box_bot_description/share/my_box_bot_description/package.xml
[0.229s] Invoked command in '/home/user/ros2_ws/build/my_box_bot_description' returned '0': _=/usr/bin/env /usr/bin/cmake --install /home/user/ros2_ws/build/my_box_bot_description
