[0.032s] Invoking command in '/home/user/ros2_ws/build/my_box_bot_description': _=/usr/bin/env /usr/bin/cmake --build /home/user/ros2_ws/build/my_box_bot_description -- -j8 -l8
[0.094s] Invoked command in '/home/user/ros2_ws/build/my_box_bot_description' returned '0': _=/usr/bin/env /usr/bin/cmake --build /home/user/ros2_ws/build/my_box_bot_description -- -j8 -l8
[0.161s] Invoking command in '/home/user/ros2_ws/build/my_box_bot_description': _=/usr/bin/env /usr/bin/cmake --install /home/user/ros2_ws/build/my_box_bot_description
[0.171s] -- Install configuration: ""
[0.172s] -- Execute custom install script
[0.172s] -- Symlinking: /home/user/ros2_ws/install/my_box_bot_description/share/my_box_bot_description/urdf/box_bot_control_complete.urdf
[0.189s] -- Up-to-date symlink: /home/user/ros2_ws/install/my_box_bot_description/share/my_box_bot_description/urdf/box_bot_geometric.urdf
[0.190s] -- Up-to-date symlink: /home/user/ros2_ws/install/my_box_bot_description/share/my_box_bot_description/urdf/box_bot_geometric_meshes.urdf
[0.190s] -- Up-to-date symlink: /home/user/ros2_ws/install/my_box_bot_description/share/my_box_bot_description/urdf/box_bot_meshes_collisions_inertias.urdf
[0.197s] -- Up-to-date symlink: /home/user/ros2_ws/install/my_box_bot_description/share/my_box_bot_description/urdf/box_bot_physcal_control.urdf
[0.197s] -- Up-to-date symlink: /home/user/ros2_ws/install/my_box_bot_description/share/my_box_bot_description/urdf/box_bot_physical_properties.urdf
[0.197s] -- Up-to-date symlink: /home/user/ros2_ws/install/my_box_bot_description/share/my_box_bot_description/rviz/urdf_vis.rviz
[0.198s] -- Up-to-date symlink: /home/user/ros2_ws/install/my_box_bot_description/share/my_box_bot_description/launch/urdf_visualize_control.launch.py
[0.198s] -- Symlinking: /home/user/ros2_ws/install/my_box_bot_description/share/my_box_bot_description/launch/urdf_visualize_control_complete.launch.py
[0.202s] -- Up-to-date symlink: /home/user/ros2_ws/install/my_box_bot_description/share/my_box_bot_description/launch/urdf_visualize_geometric.launch.py
[0.204s] -- Up-to-date symlink: /home/user/ros2_ws/install/my_box_bot_description/share/my_box_bot_description/launch/urdf_visualize_meshes.launch.py
[0.204s] -- Up-to-date symlink: /home/user/ros2_ws/install/my_box_bot_description/share/my_box_bot_description/launch/urdf_visualize_meshes_collisions_inertias.launch.py
[0.206s] -- Up-to-date symlink: /home/user/ros2_ws/install/my_box_bot_description/share/my_box_bot_description/launch/urdf_visualize_physical.launch.py
[0.207s] -- Up-to-date symlink: /home/user/ros2_ws/install/my_box_bot_description/share/my_box_bot_description/meshes/cute_cube.blend
[0.207s] -- Up-to-date symlink: /home/user/ros2_ws/install/my_box_bot_description/share/my_box_bot_description/meshes/cute_cube.dae
[0.207s] -- Up-to-date symlink: /home/user/ros2_ws/install/my_box_bot_description/share/my_box_bot_description/meshes/lambert3_baseColor.png
[0.207s] -- Up-to-date symlink: /home/user/ros2_ws/install/my_box_bot_description/share/my_box_bot_description/meshes/sensors/realsense.dae
[0.209s] -- Up-to-date symlink: /home/user/ros2_ws/install/my_box_bot_description/share/my_box_bot_description/meshes/sensors/rplidar.dae
[0.209s] -- Up-to-date symlink: /home/user/ros2_ws/install/my_box_bot_description/share/my_box_bot_description/meshes/sensors/rplidartexture.png
[0.210s] -- Up-to-date symlink: /home/user/ros2_ws/install/my_box_bot_description/share/my_box_bot_description/meshes/textures/lambert3_baseColor.png
[0.211s] -- Up-to-date symlink: /home/user/ros2_ws/install/my_box_bot_description/share/ament_index/resource_index/package_run_dependencies/my_box_bot_description
[0.211s] -- Up-to-date symlink: /home/user/ros2_ws/install/my_box_bot_description/share/ament_index/resource_index/parent_prefix_path/my_box_bot_description
[0.211s] -- Up-to-date symlink: /home/user/ros2_ws/install/my_box_bot_description/share/my_box_bot_description/environment/ament_prefix_path.sh
[0.211s] -- Up-to-date symlink: /home/user/ros2_ws/install/my_box_bot_description/share/my_box_bot_description/environment/ament_prefix_path.dsv
[0.211s] -- Up-to-date symlink: /home/user/ros2_ws/install/my_box_bot_description/share/my_box_bot_description/environment/path.sh
[0.211s] -- Up-to-date symlink: /home/user/ros2_ws/install/my_box_bot_description/share/my_box_bot_description/environment/path.dsv
[0.213s] -- Up-to-date symlink: /home/user/ros2_ws/install/my_box_bot_description/share/my_box_bot_description/local_setup.bash
[0.214s] -- Up-to-date symlink: /home/user/ros2_ws/install/my_box_bot_description/share/my_box_bot_description/local_setup.sh
[0.214s] -- Up-to-date symlink: /home/user/ros2_ws/install/my_box_bot_description/share/my_box_bot_description/local_setup.zsh
[0.216s] -- Up-to-date symlink: /home/user/ros2_ws/install/my_box_bot_description/share/my_box_bot_description/local_setup.dsv
[0.216s] -- Symlinking: /home/user/ros2_ws/install/my_box_bot_description/share/my_box_bot_description/package.dsv
[0.227s] -- Up-to-date symlink: /home/user/ros2_ws/install/my_box_bot_description/share/ament_index/resource_index/packages/my_box_bot_description
[0.228s] -- Up-to-date symlink: /home/user/ros2_ws/install/my_box_bot_description/share/my_box_bot_description/cmake/my_box_bot_descriptionConfig.cmake
[0.228s] -- Up-to-date symlink: /home/user/ros2_ws/install/my_box_bot_description/share/my_box_bot_description/cmake/my_box_bot_descriptionConfig-version.cmake
[0.228s] -- Up-to-date symlink: /home/user/ros2_ws/install/my_box_bot_description/share/my_box_bot_description/package.xml
[0.233s] Invoked command in '/home/user/ros2_ws/build/my_box_bot_description' returned '0': _=/usr/bin/env /usr/bin/cmake --install /home/user/ros2_ws/build/my_box_bot_description
