[4.944s] DEBUG:colcon:Command line arguments: ['/usr/bin/colcon', 'build']
[4.944s] DEBUG:colcon:Parsed command line arguments: Namespace(allow_overriding=[], ament_cmake_args=None, base_paths=['.'], build_base='build', catkin_cmake_args=None, catkin_skip_building_tests=False, cmake_args=None, cmake_clean_cache=False, cmake_clean_first=False, cmake_force_configure=False, cmake_target=None, cmake_target_skip_unavailable=False, continue_on_error=False, event_handlers=None, executor='parallel', ignore_user_meta=False, install_base='install', log_base=None, log_level=None, main=<bound method BuildVerb.main of <colcon_core.verb.build.BuildVerb object at 0x7f303511a070>>, merge_install=False, metas=['./colcon.meta'], packages_above=None, packages_above_and_dependencies=None, packages_above_depth=None, packages_end=None, packages_ignore=None, packages_ignore_regex=None, packages_select=None, packages_select_build_failed=False, packages_select_by_dep=None, packages_select_regex=None, packages_select_test_failures=False, packages_skip=None, packages_skip_build_finished=False, packages_skip_by_dep=None, packages_skip_regex=None, packages_skip_test_passed=False, packages_skip_up_to=None, packages_start=None, packages_up_to=None, packages_up_to_regex=None, parallel_workers=8, paths=None, symlink_install=False, test_result_base=None, verb_extension=<colcon_core.verb.build.BuildVerb object at 0x7f303511a070>, verb_name='build', verb_parser=<colcon_defaults.argument_parser.defaults.DefaultArgumentsDecorator object at 0x7f303511a970>)
[4.957s] Level 1:colcon.colcon_core.package_discovery:discover_packages(colcon_meta) check parameters
[4.957s] Level 1:colcon.colcon_core.package_discovery:discover_packages(recursive) check parameters
[4.958s] Level 1:colcon.colcon_core.package_discovery:discover_packages(ignore) check parameters
[4.958s] Level 1:colcon.colcon_core.package_discovery:discover_packages(path) check parameters
[4.958s] Level 1:colcon.colcon_core.package_discovery:discover_packages(colcon_meta) discover
[4.958s] Level 1:colcon.colcon_core.package_discovery:discover_packages(recursive) discover
[4.958s] INFO:colcon.colcon_core.package_discovery:Crawling recursively for packages in '/home/user/ros2_ws'
[4.958s] Level 1:colcon.colcon_core.package_identification:_identify(.) by extensions ['ignore', 'ignore_ament_install']
[4.958s] Level 1:colcon.colcon_core.package_identification:_identify(.) by extension 'ignore'
[4.958s] Level 1:colcon.colcon_core.package_identification:_identify(.) by extension 'ignore_ament_install'
[4.958s] Level 1:colcon.colcon_core.package_identification:_identify(.) by extensions ['colcon_pkg']
[4.958s] Level 1:colcon.colcon_core.package_identification:_identify(.) by extension 'colcon_pkg'
[4.958s] Level 1:colcon.colcon_core.package_identification:_identify(.) by extensions ['colcon_meta']
[4.958s] Level 1:colcon.colcon_core.package_identification:_identify(.) by extension 'colcon_meta'
[4.958s] Level 1:colcon.colcon_core.package_identification:_identify(.) by extensions ['ros']
[4.958s] Level 1:colcon.colcon_core.package_identification:_identify(.) by extension 'ros'
[5.309s] Level 1:colcon.colcon_core.package_identification:_identify(.) by extensions ['cmake', 'python']
[5.309s] Level 1:colcon.colcon_core.package_identification:_identify(.) by extension 'cmake'
[5.309s] Level 1:colcon.colcon_core.package_identification:_identify(.) by extension 'python'
[5.309s] Level 1:colcon.colcon_core.package_identification:_identify(.) by extensions ['python_setup_py']
[5.309s] Level 1:colcon.colcon_core.package_identification:_identify(.) by extension 'python_setup_py'
[5.309s] Level 1:colcon.colcon_core.package_identification:_identify(build) by extensions ['ignore', 'ignore_ament_install']
[5.309s] Level 1:colcon.colcon_core.package_identification:_identify(build) by extension 'ignore'
[5.309s] Level 1:colcon.colcon_core.package_identification:_identify(build) ignored
[5.309s] Level 1:colcon.colcon_core.package_identification:_identify(install) by extensions ['ignore', 'ignore_ament_install']
[5.309s] Level 1:colcon.colcon_core.package_identification:_identify(install) by extension 'ignore'
[5.309s] Level 1:colcon.colcon_core.package_identification:_identify(install) ignored
[5.310s] Level 1:colcon.colcon_core.package_identification:_identify(log) by extensions ['ignore', 'ignore_ament_install']
[5.310s] Level 1:colcon.colcon_core.package_identification:_identify(log) by extension 'ignore'
[5.310s] Level 1:colcon.colcon_core.package_identification:_identify(log) ignored
[5.310s] Level 1:colcon.colcon_core.package_identification:_identify(src) by extensions ['ignore', 'ignore_ament_install']
[5.310s] Level 1:colcon.colcon_core.package_identification:_identify(src) by extension 'ignore'
[5.310s] Level 1:colcon.colcon_core.package_identification:_identify(src) by extension 'ignore_ament_install'
[5.310s] Level 1:colcon.colcon_core.package_identification:_identify(src) by extensions ['colcon_pkg']
[5.310s] Level 1:colcon.colcon_core.package_identification:_identify(src) by extension 'colcon_pkg'
[5.310s] Level 1:colcon.colcon_core.package_identification:_identify(src) by extensions ['colcon_meta']
[5.310s] Level 1:colcon.colcon_core.package_identification:_identify(src) by extension 'colcon_meta'
[5.310s] Level 1:colcon.colcon_core.package_identification:_identify(src) by extensions ['ros']
[5.310s] Level 1:colcon.colcon_core.package_identification:_identify(src) by extension 'ros'
[5.310s] Level 1:colcon.colcon_core.package_identification:_identify(src) by extensions ['cmake', 'python']
[5.310s] Level 1:colcon.colcon_core.package_identification:_identify(src) by extension 'cmake'
[5.310s] Level 1:colcon.colcon_core.package_identification:_identify(src) by extension 'python'
[5.310s] Level 1:colcon.colcon_core.package_identification:_identify(src) by extensions ['python_setup_py']
[5.310s] Level 1:colcon.colcon_core.package_identification:_identify(src) by extension 'python_setup_py'
[5.311s] Level 1:colcon.colcon_core.package_identification:_identify(src/my_box_bot_description) by extensions ['ignore', 'ignore_ament_install']
[5.311s] Level 1:colcon.colcon_core.package_identification:_identify(src/my_box_bot_description) by extension 'ignore'
[5.311s] Level 1:colcon.colcon_core.package_identification:_identify(src/my_box_bot_description) by extension 'ignore_ament_install'
[5.311s] Level 1:colcon.colcon_core.package_identification:_identify(src/my_box_bot_description) by extensions ['colcon_pkg']
[5.311s] Level 1:colcon.colcon_core.package_identification:_identify(src/my_box_bot_description) by extension 'colcon_pkg'
[5.311s] Level 1:colcon.colcon_core.package_identification:_identify(src/my_box_bot_description) by extensions ['colcon_meta']
[5.311s] Level 1:colcon.colcon_core.package_identification:_identify(src/my_box_bot_description) by extension 'colcon_meta'
[5.311s] Level 1:colcon.colcon_core.package_identification:_identify(src/my_box_bot_description) by extensions ['ros']
[5.311s] Level 1:colcon.colcon_core.package_identification:_identify(src/my_box_bot_description) by extension 'ros'
[5.315s] DEBUG:colcon.colcon_core.package_identification:Package 'src/my_box_bot_description' with type 'ros.ament_cmake' and name 'my_box_bot_description'
[5.315s] Level 1:colcon.colcon_core.package_identification:_identify(src/my_box_bot_gazebo) by extensions ['ignore', 'ignore_ament_install']
[5.315s] Level 1:colcon.colcon_core.package_identification:_identify(src/my_box_bot_gazebo) by extension 'ignore'
[5.315s] Level 1:colcon.colcon_core.package_identification:_identify(src/my_box_bot_gazebo) by extension 'ignore_ament_install'
[5.315s] Level 1:colcon.colcon_core.package_identification:_identify(src/my_box_bot_gazebo) by extensions ['colcon_pkg']
[5.315s] Level 1:colcon.colcon_core.package_identification:_identify(src/my_box_bot_gazebo) by extension 'colcon_pkg'
[5.315s] Level 1:colcon.colcon_core.package_identification:_identify(src/my_box_bot_gazebo) by extensions ['colcon_meta']
[5.315s] Level 1:colcon.colcon_core.package_identification:_identify(src/my_box_bot_gazebo) by extension 'colcon_meta'
[5.315s] Level 1:colcon.colcon_core.package_identification:_identify(src/my_box_bot_gazebo) by extensions ['ros']
[5.315s] Level 1:colcon.colcon_core.package_identification:_identify(src/my_box_bot_gazebo) by extension 'ros'
[5.316s] DEBUG:colcon.colcon_core.package_identification:Package 'src/my_box_bot_gazebo' with type 'ros.ament_cmake' and name 'my_box_bot_gazebo'
[5.316s] Level 1:colcon.colcon_core.package_identification:_identify(src/urdf_meshes) by extensions ['ignore', 'ignore_ament_install']
[5.316s] Level 1:colcon.colcon_core.package_identification:_identify(src/urdf_meshes) by extension 'ignore'
[5.316s] Level 1:colcon.colcon_core.package_identification:_identify(src/urdf_meshes) by extension 'ignore_ament_install'
[5.316s] Level 1:colcon.colcon_core.package_identification:_identify(src/urdf_meshes) by extensions ['colcon_pkg']
[5.316s] Level 1:colcon.colcon_core.package_identification:_identify(src/urdf_meshes) by extension 'colcon_pkg'
[5.316s] Level 1:colcon.colcon_core.package_identification:_identify(src/urdf_meshes) by extensions ['colcon_meta']
[5.316s] Level 1:colcon.colcon_core.package_identification:_identify(src/urdf_meshes) by extension 'colcon_meta'
[5.317s] Level 1:colcon.colcon_core.package_identification:_identify(src/urdf_meshes) by extensions ['ros']
[5.317s] Level 1:colcon.colcon_core.package_identification:_identify(src/urdf_meshes) by extension 'ros'
[5.317s] Level 1:colcon.colcon_core.package_identification:_identify(src/urdf_meshes) by extensions ['cmake', 'python']
[5.317s] Level 1:colcon.colcon_core.package_identification:_identify(src/urdf_meshes) by extension 'cmake'
[5.317s] Level 1:colcon.colcon_core.package_identification:_identify(src/urdf_meshes) by extension 'python'
[5.317s] Level 1:colcon.colcon_core.package_identification:_identify(src/urdf_meshes) by extensions ['python_setup_py']
[5.317s] Level 1:colcon.colcon_core.package_identification:_identify(src/urdf_meshes) by extension 'python_setup_py'
[5.317s] Level 1:colcon.colcon_core.package_identification:_identify(src/urdf_meshes/meshes) by extensions ['ignore', 'ignore_ament_install']
[5.317s] Level 1:colcon.colcon_core.package_identification:_identify(src/urdf_meshes/meshes) by extension 'ignore'
[5.317s] Level 1:colcon.colcon_core.package_identification:_identify(src/urdf_meshes/meshes) by extension 'ignore_ament_install'
[5.317s] Level 1:colcon.colcon_core.package_identification:_identify(src/urdf_meshes/meshes) by extensions ['colcon_pkg']
[5.317s] Level 1:colcon.colcon_core.package_identification:_identify(src/urdf_meshes/meshes) by extension 'colcon_pkg'
[5.317s] Level 1:colcon.colcon_core.package_identification:_identify(src/urdf_meshes/meshes) by extensions ['colcon_meta']
[5.317s] Level 1:colcon.colcon_core.package_identification:_identify(src/urdf_meshes/meshes) by extension 'colcon_meta'
[5.317s] Level 1:colcon.colcon_core.package_identification:_identify(src/urdf_meshes/meshes) by extensions ['ros']
[5.317s] Level 1:colcon.colcon_core.package_identification:_identify(src/urdf_meshes/meshes) by extension 'ros'
[5.318s] Level 1:colcon.colcon_core.package_identification:_identify(src/urdf_meshes/meshes) by extensions ['cmake', 'python']
[5.318s] Level 1:colcon.colcon_core.package_identification:_identify(src/urdf_meshes/meshes) by extension 'cmake'
[5.318s] Level 1:colcon.colcon_core.package_identification:_identify(src/urdf_meshes/meshes) by extension 'python'
[5.318s] Level 1:colcon.colcon_core.package_identification:_identify(src/urdf_meshes/meshes) by extensions ['python_setup_py']
[5.318s] Level 1:colcon.colcon_core.package_identification:_identify(src/urdf_meshes/meshes) by extension 'python_setup_py'
[5.318s] Level 1:colcon.colcon_core.package_identification:_identify(src/urdfbot_description) by extensions ['ignore', 'ignore_ament_install']
[5.318s] Level 1:colcon.colcon_core.package_identification:_identify(src/urdfbot_description) by extension 'ignore'
[5.318s] Level 1:colcon.colcon_core.package_identification:_identify(src/urdfbot_description) by extension 'ignore_ament_install'
[5.318s] Level 1:colcon.colcon_core.package_identification:_identify(src/urdfbot_description) by extensions ['colcon_pkg']
[5.318s] Level 1:colcon.colcon_core.package_identification:_identify(src/urdfbot_description) by extension 'colcon_pkg'
[5.318s] Level 1:colcon.colcon_core.package_identification:_identify(src/urdfbot_description) by extensions ['colcon_meta']
[5.318s] Level 1:colcon.colcon_core.package_identification:_identify(src/urdfbot_description) by extension 'colcon_meta'
[5.318s] Level 1:colcon.colcon_core.package_identification:_identify(src/urdfbot_description) by extensions ['ros']
[5.318s] Level 1:colcon.colcon_core.package_identification:_identify(src/urdfbot_description) by extension 'ros'
[5.319s] DEBUG:colcon.colcon_core.package_identification:Package 'src/urdfbot_description' with type 'ros.ament_cmake' and name 'urdfbot_description'
[5.319s] Level 1:colcon.colcon_core.package_discovery:discover_packages(recursive) using defaults
[5.319s] Level 1:colcon.colcon_core.package_discovery:discover_packages(ignore) discover
[5.319s] Level 1:colcon.colcon_core.package_discovery:discover_packages(ignore) using defaults
[5.319s] Level 1:colcon.colcon_core.package_discovery:discover_packages(path) discover
[5.319s] Level 1:colcon.colcon_core.package_discovery:discover_packages(path) using defaults
[5.671s] Level 5:colcon.colcon_core.verb:set package 'my_box_bot_description' build argument 'cmake_args' from command line to 'None'
[5.671s] Level 5:colcon.colcon_core.verb:set package 'my_box_bot_description' build argument 'cmake_target' from command line to 'None'
[5.671s] Level 5:colcon.colcon_core.verb:set package 'my_box_bot_description' build argument 'cmake_target_skip_unavailable' from command line to 'False'
[5.671s] Level 5:colcon.colcon_core.verb:set package 'my_box_bot_description' build argument 'cmake_clean_cache' from command line to 'False'
[5.671s] Level 5:colcon.colcon_core.verb:set package 'my_box_bot_description' build argument 'cmake_clean_first' from command line to 'False'
[5.671s] Level 5:colcon.colcon_core.verb:set package 'my_box_bot_description' build argument 'cmake_force_configure' from command line to 'False'
[5.671s] Level 5:colcon.colcon_core.verb:set package 'my_box_bot_description' build argument 'ament_cmake_args' from command line to 'None'
[5.671s] Level 5:colcon.colcon_core.verb:set package 'my_box_bot_description' build argument 'catkin_cmake_args' from command line to 'None'
[5.671s] Level 5:colcon.colcon_core.verb:set package 'my_box_bot_description' build argument 'catkin_skip_building_tests' from command line to 'False'
[5.672s] DEBUG:colcon.colcon_core.verb:Building package 'my_box_bot_description' with the following arguments: {'ament_cmake_args': None, 'build_base': '/home/user/ros2_ws/build/my_box_bot_description', 'catkin_cmake_args': None, 'catkin_skip_building_tests': False, 'cmake_args': None, 'cmake_clean_cache': False, 'cmake_clean_first': False, 'cmake_force_configure': False, 'cmake_target': None, 'cmake_target_skip_unavailable': False, 'install_base': '/home/user/ros2_ws/install/my_box_bot_description', 'merge_install': False, 'path': '/home/user/ros2_ws/src/my_box_bot_description', 'symlink_install': False, 'test_result_base': None}
[5.672s] Level 5:colcon.colcon_core.verb:set package 'urdfbot_description' build argument 'cmake_args' from command line to 'None'
[5.672s] Level 5:colcon.colcon_core.verb:set package 'urdfbot_description' build argument 'cmake_target' from command line to 'None'
[5.672s] Level 5:colcon.colcon_core.verb:set package 'urdfbot_description' build argument 'cmake_target_skip_unavailable' from command line to 'False'
[5.672s] Level 5:colcon.colcon_core.verb:set package 'urdfbot_description' build argument 'cmake_clean_cache' from command line to 'False'
[5.673s] Level 5:colcon.colcon_core.verb:set package 'urdfbot_description' build argument 'cmake_clean_first' from command line to 'False'
[5.673s] Level 5:colcon.colcon_core.verb:set package 'urdfbot_description' build argument 'cmake_force_configure' from command line to 'False'
[5.673s] Level 5:colcon.colcon_core.verb:set package 'urdfbot_description' build argument 'ament_cmake_args' from command line to 'None'
[5.673s] Level 5:colcon.colcon_core.verb:set package 'urdfbot_description' build argument 'catkin_cmake_args' from command line to 'None'
[5.673s] Level 5:colcon.colcon_core.verb:set package 'urdfbot_description' build argument 'catkin_skip_building_tests' from command line to 'False'
[5.673s] DEBUG:colcon.colcon_core.verb:Building package 'urdfbot_description' with the following arguments: {'ament_cmake_args': None, 'build_base': '/home/user/ros2_ws/build/urdfbot_description', 'catkin_cmake_args': None, 'catkin_skip_building_tests': False, 'cmake_args': None, 'cmake_clean_cache': False, 'cmake_clean_first': False, 'cmake_force_configure': False, 'cmake_target': None, 'cmake_target_skip_unavailable': False, 'install_base': '/home/user/ros2_ws/install/urdfbot_description', 'merge_install': False, 'path': '/home/user/ros2_ws/src/urdfbot_description', 'symlink_install': False, 'test_result_base': None}
[5.673s] Level 5:colcon.colcon_core.verb:set package 'my_box_bot_gazebo' build argument 'cmake_args' from command line to 'None'
[5.673s] Level 5:colcon.colcon_core.verb:set package 'my_box_bot_gazebo' build argument 'cmake_target' from command line to 'None'
[5.673s] Level 5:colcon.colcon_core.verb:set package 'my_box_bot_gazebo' build argument 'cmake_target_skip_unavailable' from command line to 'False'
[5.674s] Level 5:colcon.colcon_core.verb:set package 'my_box_bot_gazebo' build argument 'cmake_clean_cache' from command line to 'False'
[5.674s] Level 5:colcon.colcon_core.verb:set package 'my_box_bot_gazebo' build argument 'cmake_clean_first' from command line to 'False'
[5.674s] Level 5:colcon.colcon_core.verb:set package 'my_box_bot_gazebo' build argument 'cmake_force_configure' from command line to 'False'
[5.674s] Level 5:colcon.colcon_core.verb:set package 'my_box_bot_gazebo' build argument 'ament_cmake_args' from command line to 'None'
[5.674s] Level 5:colcon.colcon_core.verb:set package 'my_box_bot_gazebo' build argument 'catkin_cmake_args' from command line to 'None'
[5.674s] Level 5:colcon.colcon_core.verb:set package 'my_box_bot_gazebo' build argument 'catkin_skip_building_tests' from command line to 'False'
[5.674s] DEBUG:colcon.colcon_core.verb:Building package 'my_box_bot_gazebo' with the following arguments: {'ament_cmake_args': None, 'build_base': '/home/user/ros2_ws/build/my_box_bot_gazebo', 'catkin_cmake_args': None, 'catkin_skip_building_tests': False, 'cmake_args': None, 'cmake_clean_cache': False, 'cmake_clean_first': False, 'cmake_force_configure': False, 'cmake_target': None, 'cmake_target_skip_unavailable': False, 'install_base': '/home/user/ros2_ws/install/my_box_bot_gazebo', 'merge_install': False, 'path': '/home/user/ros2_ws/src/my_box_bot_gazebo', 'symlink_install': False, 'test_result_base': None}
[5.681s] INFO:colcon.colcon_core.executor:Executing jobs using 'parallel' executor
[5.693s] DEBUG:colcon.colcon_parallel_executor.executor.parallel:run_until_complete
[5.693s] INFO:colcon.colcon_ros.task.ament_cmake.build:Building ROS package in '/home/user/ros2_ws/src/my_box_bot_description' with build type 'ament_cmake'
[5.693s] INFO:colcon.colcon_cmake.task.cmake.build:Building CMake package in '/home/user/ros2_ws/src/my_box_bot_description'
[5.703s] INFO:colcon.colcon_core.plugin_system:Skipping extension 'colcon_core.shell.bat': Not used on non-Windows systems
[5.703s] INFO:colcon.colcon_core.shell:Skip shell extension 'powershell' for command environment: Not usable outside of PowerShell
[5.703s] DEBUG:colcon.colcon_core.shell:Skip shell extension 'dsv' for command environment
[5.710s] INFO:colcon.colcon_ros.task.ament_cmake.build:Building ROS package in '/home/user/ros2_ws/src/urdfbot_description' with build type 'ament_cmake'
[5.710s] INFO:colcon.colcon_cmake.task.cmake.build:Building CMake package in '/home/user/ros2_ws/src/urdfbot_description'
[5.711s] INFO:colcon.colcon_core.shell:Skip shell extension 'powershell' for command environment: Not usable outside of PowerShell
[5.711s] DEBUG:colcon.colcon_core.shell:Skip shell extension 'dsv' for command environment
[5.721s] DEBUG:colcon.colcon_core.event_handler.log_command:Invoking command in '/home/user/ros2_ws/build/my_box_bot_description': _=/usr/bin/env /usr/bin/cmake --build /home/user/ros2_ws/build/my_box_bot_description -- -j8 -l8
[5.912s] DEBUG:colcon.colcon_core.event_handler.log_command:Invoking command in '/home/user/ros2_ws/build/urdfbot_description': _=/usr/bin/env /usr/bin/cmake --build /home/user/ros2_ws/build/urdfbot_description -- -j8 -l8
[11.634s] DEBUG:colcon.colcon_core.event_handler.log_command:Invoked command in '/home/user/ros2_ws/build/my_box_bot_description' returned '0': _=/usr/bin/env /usr/bin/cmake --build /home/user/ros2_ws/build/my_box_bot_description -- -j8 -l8
[11.637s] DEBUG:colcon.colcon_core.event_handler.log_command:Invoked command in '/home/user/ros2_ws/build/urdfbot_description' returned '0': _=/usr/bin/env /usr/bin/cmake --build /home/user/ros2_ws/build/urdfbot_description -- -j8 -l8
[11.682s] DEBUG:colcon.colcon_core.event_handler.log_command:Invoking command in '/home/user/ros2_ws/build/my_box_bot_description': _=/usr/bin/env /usr/bin/cmake --install /home/user/ros2_ws/build/my_box_bot_description
[11.688s] DEBUG:colcon.colcon_core.event_handler.log_command:Invoking command in '/home/user/ros2_ws/build/urdfbot_description': _=/usr/bin/env /usr/bin/cmake --install /home/user/ros2_ws/build/urdfbot_description
[11.701s] Level 1:colcon.colcon_core.environment:create_environment_scripts_only(urdfbot_description)
[11.707s] DEBUG:colcon.colcon_core.event_handler.log_command:Invoked command in '/home/user/ros2_ws/build/urdfbot_description' returned '0': _=/usr/bin/env /usr/bin/cmake --install /home/user/ros2_ws/build/urdfbot_description
[11.715s] Level 1:colcon.colcon_core.environment:checking '/home/user/ros2_ws/install/urdfbot_description' for CMake module files
[11.716s] Level 1:colcon.colcon_core.environment:checking '/home/user/ros2_ws/install/urdfbot_description' for CMake config files
[11.716s] Level 1:colcon.colcon_core.shell:create_environment_hook('urdfbot_description', 'cmake_prefix_path')
[11.718s] INFO:colcon.colcon_core.shell:Creating environment hook '/home/user/ros2_ws/install/urdfbot_description/share/urdfbot_description/hook/cmake_prefix_path.ps1'
[11.719s] INFO:colcon.colcon_core.shell:Creating environment descriptor '/home/user/ros2_ws/install/urdfbot_description/share/urdfbot_description/hook/cmake_prefix_path.dsv'
[11.720s] INFO:colcon.colcon_core.shell:Creating environment hook '/home/user/ros2_ws/install/urdfbot_description/share/urdfbot_description/hook/cmake_prefix_path.sh'
[11.721s] Level 1:colcon.colcon_core.environment:checking '/home/user/ros2_ws/install/urdfbot_description/bin'
[11.722s] Level 1:colcon.colcon_core.environment:checking '/home/user/ros2_ws/install/urdfbot_description/lib/pkgconfig/urdfbot_description.pc'
[11.722s] Level 1:colcon.colcon_core.environment:checking '/home/user/ros2_ws/install/urdfbot_description/lib/python3.8/site-packages'
[11.722s] INFO:colcon.colcon_core.shell:Creating package script '/home/user/ros2_ws/install/urdfbot_description/share/urdfbot_description/package.ps1'
[11.724s] INFO:colcon.colcon_core.shell:Creating package descriptor '/home/user/ros2_ws/install/urdfbot_description/share/urdfbot_description/package.dsv'
[11.724s] INFO:colcon.colcon_core.shell:Creating package script '/home/user/ros2_ws/install/urdfbot_description/share/urdfbot_description/package.sh'
[11.726s] INFO:colcon.colcon_core.shell:Creating package script '/home/user/ros2_ws/install/urdfbot_description/share/urdfbot_description/package.bash'
[11.727s] INFO:colcon.colcon_core.shell:Creating package script '/home/user/ros2_ws/install/urdfbot_description/share/urdfbot_description/package.zsh'
[11.728s] Level 1:colcon.colcon_core.environment:create_file_with_runtime_dependencies(/home/user/ros2_ws/install/urdfbot_description/share/colcon-core/packages/urdfbot_description)
[11.732s] Level 1:colcon.colcon_core.environment:create_environment_scripts_only(my_box_bot_description)
[11.733s] Level 1:colcon.colcon_core.environment:checking '/home/user/ros2_ws/install/my_box_bot_description' for CMake module files
[11.734s] DEBUG:colcon.colcon_core.event_handler.log_command:Invoked command in '/home/user/ros2_ws/build/my_box_bot_description' returned '0': _=/usr/bin/env /usr/bin/cmake --install /home/user/ros2_ws/build/my_box_bot_description
[11.734s] Level 1:colcon.colcon_core.environment:checking '/home/user/ros2_ws/install/my_box_bot_description' for CMake config files
[11.735s] Level 1:colcon.colcon_core.shell:create_environment_hook('my_box_bot_description', 'cmake_prefix_path')
[11.735s] INFO:colcon.colcon_core.shell:Creating environment hook '/home/user/ros2_ws/install/my_box_bot_description/share/my_box_bot_description/hook/cmake_prefix_path.ps1'
[11.736s] INFO:colcon.colcon_core.shell:Creating environment descriptor '/home/user/ros2_ws/install/my_box_bot_description/share/my_box_bot_description/hook/cmake_prefix_path.dsv'
[11.736s] INFO:colcon.colcon_core.shell:Creating environment hook '/home/user/ros2_ws/install/my_box_bot_description/share/my_box_bot_description/hook/cmake_prefix_path.sh'
[11.737s] Level 1:colcon.colcon_core.environment:checking '/home/user/ros2_ws/install/my_box_bot_description/bin'
[11.737s] Level 1:colcon.colcon_core.environment:checking '/home/user/ros2_ws/install/my_box_bot_description/lib/pkgconfig/my_box_bot_description.pc'
[11.737s] Level 1:colcon.colcon_core.environment:checking '/home/user/ros2_ws/install/my_box_bot_description/lib/python3.8/site-packages'
[11.738s] INFO:colcon.colcon_core.shell:Creating package script '/home/user/ros2_ws/install/my_box_bot_description/share/my_box_bot_description/package.ps1'
[11.738s] INFO:colcon.colcon_core.shell:Creating package descriptor '/home/user/ros2_ws/install/my_box_bot_description/share/my_box_bot_description/package.dsv'
[11.739s] INFO:colcon.colcon_core.shell:Creating package script '/home/user/ros2_ws/install/my_box_bot_description/share/my_box_bot_description/package.sh'
[11.739s] INFO:colcon.colcon_core.shell:Creating package script '/home/user/ros2_ws/install/my_box_bot_description/share/my_box_bot_description/package.bash'
[11.740s] INFO:colcon.colcon_core.shell:Creating package script '/home/user/ros2_ws/install/my_box_bot_description/share/my_box_bot_description/package.zsh'
[11.740s] Level 1:colcon.colcon_core.environment:create_file_with_runtime_dependencies(/home/user/ros2_ws/install/my_box_bot_description/share/colcon-core/packages/my_box_bot_description)
[11.764s] Level 1:colcon.colcon_core.environment:create_environment_scripts_only(urdfbot_description)
[11.765s] Level 1:colcon.colcon_core.environment:checking '/home/user/ros2_ws/install/urdfbot_description' for CMake module files
[11.766s] Level 1:colcon.colcon_core.environment:checking '/home/user/ros2_ws/install/urdfbot_description' for CMake config files
[11.766s] Level 1:colcon.colcon_core.shell:create_environment_hook('urdfbot_description', 'cmake_prefix_path')
[11.767s] INFO:colcon.colcon_core.shell:Creating environment hook '/home/user/ros2_ws/install/urdfbot_description/share/urdfbot_description/hook/cmake_prefix_path.ps1'
[11.768s] INFO:colcon.colcon_core.shell:Creating environment descriptor '/home/user/ros2_ws/install/urdfbot_description/share/urdfbot_description/hook/cmake_prefix_path.dsv'
[11.768s] INFO:colcon.colcon_core.shell:Creating environment hook '/home/user/ros2_ws/install/urdfbot_description/share/urdfbot_description/hook/cmake_prefix_path.sh'
[11.769s] Level 1:colcon.colcon_core.environment:checking '/home/user/ros2_ws/install/urdfbot_description/bin'
[11.769s] Level 1:colcon.colcon_core.environment:checking '/home/user/ros2_ws/install/urdfbot_description/lib/pkgconfig/urdfbot_description.pc'
[11.769s] Level 1:colcon.colcon_core.environment:checking '/home/user/ros2_ws/install/urdfbot_description/lib/python3.8/site-packages'
[11.770s] INFO:colcon.colcon_core.shell:Creating package script '/home/user/ros2_ws/install/urdfbot_description/share/urdfbot_description/package.ps1'
[11.770s] INFO:colcon.colcon_core.shell:Creating package descriptor '/home/user/ros2_ws/install/urdfbot_description/share/urdfbot_description/package.dsv'
[11.771s] INFO:colcon.colcon_core.shell:Creating package script '/home/user/ros2_ws/install/urdfbot_description/share/urdfbot_description/package.sh'
[11.792s] INFO:colcon.colcon_core.shell:Creating package script '/home/user/ros2_ws/install/urdfbot_description/share/urdfbot_description/package.bash'
[11.793s] INFO:colcon.colcon_core.shell:Creating package script '/home/user/ros2_ws/install/urdfbot_description/share/urdfbot_description/package.zsh'
[11.821s] Level 1:colcon.colcon_core.environment:create_file_with_runtime_dependencies(/home/user/ros2_ws/install/urdfbot_description/share/colcon-core/packages/urdfbot_description)
[11.824s] Level 1:colcon.colcon_core.environment:create_environment_scripts_only(my_box_bot_description)
[11.824s] Level 1:colcon.colcon_core.environment:checking '/home/user/ros2_ws/install/my_box_bot_description' for CMake module files
[11.825s] Level 1:colcon.colcon_core.environment:checking '/home/user/ros2_ws/install/my_box_bot_description' for CMake config files
[11.826s] Level 1:colcon.colcon_core.shell:create_environment_hook('my_box_bot_description', 'cmake_prefix_path')
[11.826s] INFO:colcon.colcon_core.shell:Creating environment hook '/home/user/ros2_ws/install/my_box_bot_description/share/my_box_bot_description/hook/cmake_prefix_path.ps1'
[11.827s] INFO:colcon.colcon_core.shell:Creating environment descriptor '/home/user/ros2_ws/install/my_box_bot_description/share/my_box_bot_description/hook/cmake_prefix_path.dsv'
[11.827s] INFO:colcon.colcon_core.shell:Creating environment hook '/home/user/ros2_ws/install/my_box_bot_description/share/my_box_bot_description/hook/cmake_prefix_path.sh'
[11.827s] Level 1:colcon.colcon_core.environment:checking '/home/user/ros2_ws/install/my_box_bot_description/bin'
[11.827s] Level 1:colcon.colcon_core.environment:checking '/home/user/ros2_ws/install/my_box_bot_description/lib/pkgconfig/my_box_bot_description.pc'
[11.828s] Level 1:colcon.colcon_core.environment:checking '/home/user/ros2_ws/install/my_box_bot_description/lib/python3.8/site-packages'
[11.828s] INFO:colcon.colcon_core.shell:Creating package script '/home/user/ros2_ws/install/my_box_bot_description/share/my_box_bot_description/package.ps1'
[11.829s] INFO:colcon.colcon_core.shell:Creating package descriptor '/home/user/ros2_ws/install/my_box_bot_description/share/my_box_bot_description/package.dsv'
[11.829s] INFO:colcon.colcon_core.shell:Creating package script '/home/user/ros2_ws/install/my_box_bot_description/share/my_box_bot_description/package.sh'
[11.829s] INFO:colcon.colcon_core.shell:Creating package script '/home/user/ros2_ws/install/my_box_bot_description/share/my_box_bot_description/package.bash'
[11.830s] INFO:colcon.colcon_core.shell:Creating package script '/home/user/ros2_ws/install/my_box_bot_description/share/my_box_bot_description/package.zsh'
[11.830s] Level 1:colcon.colcon_core.environment:create_file_with_runtime_dependencies(/home/user/ros2_ws/install/my_box_bot_description/share/colcon-core/packages/my_box_bot_description)
[11.831s] INFO:colcon.colcon_ros.task.ament_cmake.build:Building ROS package in '/home/user/ros2_ws/src/my_box_bot_gazebo' with build type 'ament_cmake'
[11.831s] INFO:colcon.colcon_cmake.task.cmake.build:Building CMake package in '/home/user/ros2_ws/src/my_box_bot_gazebo'
[11.831s] INFO:colcon.colcon_core.shell:Skip shell extension 'powershell' for command environment: Not usable outside of PowerShell
[11.832s] DEBUG:colcon.colcon_core.shell:Skip shell extension 'dsv' for command environment
[11.849s] DEBUG:colcon.colcon_core.event_handler.log_command:Invoking command in '/home/user/ros2_ws/build/my_box_bot_gazebo': AMENT_PREFIX_PATH=/home/user/ros2_ws/install/my_box_bot_description:${AMENT_PREFIX_PATH} CMAKE_PREFIX_PATH=/home/user/ros2_ws/install/my_box_bot_description${CMAKE_PREFIX_PATH} _=/usr/bin/env /usr/bin/cmake --build /home/user/ros2_ws/build/my_box_bot_gazebo -- -j8 -l8
[12.505s] DEBUG:colcon.colcon_core.event_handler.log_command:Invoked command in '/home/user/ros2_ws/build/my_box_bot_gazebo' returned '0': AMENT_PREFIX_PATH=/home/user/ros2_ws/install/my_box_bot_description:${AMENT_PREFIX_PATH} CMAKE_PREFIX_PATH=/home/user/ros2_ws/install/my_box_bot_description${CMAKE_PREFIX_PATH} _=/usr/bin/env /usr/bin/cmake --build /home/user/ros2_ws/build/my_box_bot_gazebo -- -j8 -l8
[12.538s] DEBUG:colcon.colcon_core.event_handler.log_command:Invoking command in '/home/user/ros2_ws/build/my_box_bot_gazebo': AMENT_PREFIX_PATH=/home/user/ros2_ws/install/my_box_bot_description:${AMENT_PREFIX_PATH} CMAKE_PREFIX_PATH=/home/user/ros2_ws/install/my_box_bot_description${CMAKE_PREFIX_PATH} _=/usr/bin/env /usr/bin/cmake --install /home/user/ros2_ws/build/my_box_bot_gazebo
[12.568s] Level 1:colcon.colcon_core.environment:create_environment_scripts_only(my_box_bot_gazebo)
[12.569s] Level 1:colcon.colcon_core.environment:checking '/home/user/ros2_ws/install/my_box_bot_gazebo' for CMake module files
[12.570s] DEBUG:colcon.colcon_core.event_handler.log_command:Invoked command in '/home/user/ros2_ws/build/my_box_bot_gazebo' returned '0': AMENT_PREFIX_PATH=/home/user/ros2_ws/install/my_box_bot_description:${AMENT_PREFIX_PATH} CMAKE_PREFIX_PATH=/home/user/ros2_ws/install/my_box_bot_description${CMAKE_PREFIX_PATH} _=/usr/bin/env /usr/bin/cmake --install /home/user/ros2_ws/build/my_box_bot_gazebo
[12.570s] Level 1:colcon.colcon_core.environment:checking '/home/user/ros2_ws/install/my_box_bot_gazebo' for CMake config files
[12.570s] Level 1:colcon.colcon_core.shell:create_environment_hook('my_box_bot_gazebo', 'cmake_prefix_path')
[12.571s] INFO:colcon.colcon_core.shell:Creating environment hook '/home/user/ros2_ws/install/my_box_bot_gazebo/share/my_box_bot_gazebo/hook/cmake_prefix_path.ps1'
[12.572s] INFO:colcon.colcon_core.shell:Creating environment descriptor '/home/user/ros2_ws/install/my_box_bot_gazebo/share/my_box_bot_gazebo/hook/cmake_prefix_path.dsv'
[12.572s] INFO:colcon.colcon_core.shell:Creating environment hook '/home/user/ros2_ws/install/my_box_bot_gazebo/share/my_box_bot_gazebo/hook/cmake_prefix_path.sh'
[12.573s] Level 1:colcon.colcon_core.environment:checking '/home/user/ros2_ws/install/my_box_bot_gazebo/bin'
[12.573s] Level 1:colcon.colcon_core.environment:checking '/home/user/ros2_ws/install/my_box_bot_gazebo/lib/pkgconfig/my_box_bot_gazebo.pc'
[12.573s] Level 1:colcon.colcon_core.environment:checking '/home/user/ros2_ws/install/my_box_bot_gazebo/lib/python3.8/site-packages'
[12.574s] INFO:colcon.colcon_core.shell:Creating package script '/home/user/ros2_ws/install/my_box_bot_gazebo/share/my_box_bot_gazebo/package.ps1'
[12.574s] INFO:colcon.colcon_core.shell:Creating package descriptor '/home/user/ros2_ws/install/my_box_bot_gazebo/share/my_box_bot_gazebo/package.dsv'
[12.574s] INFO:colcon.colcon_core.shell:Creating package script '/home/user/ros2_ws/install/my_box_bot_gazebo/share/my_box_bot_gazebo/package.sh'
[12.575s] INFO:colcon.colcon_core.shell:Creating package script '/home/user/ros2_ws/install/my_box_bot_gazebo/share/my_box_bot_gazebo/package.bash'
[12.575s] INFO:colcon.colcon_core.shell:Creating package script '/home/user/ros2_ws/install/my_box_bot_gazebo/share/my_box_bot_gazebo/package.zsh'
[12.576s] Level 1:colcon.colcon_core.environment:create_file_with_runtime_dependencies(/home/user/ros2_ws/install/my_box_bot_gazebo/share/colcon-core/packages/my_box_bot_gazebo)
[12.609s] Level 1:colcon.colcon_core.environment:create_environment_scripts_only(my_box_bot_gazebo)
[12.610s] Level 1:colcon.colcon_core.environment:checking '/home/user/ros2_ws/install/my_box_bot_gazebo' for CMake module files
[12.611s] Level 1:colcon.colcon_core.environment:checking '/home/user/ros2_ws/install/my_box_bot_gazebo' for CMake config files
[12.611s] Level 1:colcon.colcon_core.shell:create_environment_hook('my_box_bot_gazebo', 'cmake_prefix_path')
[12.612s] INFO:colcon.colcon_core.shell:Creating environment hook '/home/user/ros2_ws/install/my_box_bot_gazebo/share/my_box_bot_gazebo/hook/cmake_prefix_path.ps1'
[12.612s] INFO:colcon.colcon_core.shell:Creating environment descriptor '/home/user/ros2_ws/install/my_box_bot_gazebo/share/my_box_bot_gazebo/hook/cmake_prefix_path.dsv'
[12.613s] INFO:colcon.colcon_core.shell:Creating environment hook '/home/user/ros2_ws/install/my_box_bot_gazebo/share/my_box_bot_gazebo/hook/cmake_prefix_path.sh'
[12.613s] Level 1:colcon.colcon_core.environment:checking '/home/user/ros2_ws/install/my_box_bot_gazebo/bin'
[12.613s] Level 1:colcon.colcon_core.environment:checking '/home/user/ros2_ws/install/my_box_bot_gazebo/lib/pkgconfig/my_box_bot_gazebo.pc'
[12.613s] Level 1:colcon.colcon_core.environment:checking '/home/user/ros2_ws/install/my_box_bot_gazebo/lib/python3.8/site-packages'
[12.614s] INFO:colcon.colcon_core.shell:Creating package script '/home/user/ros2_ws/install/my_box_bot_gazebo/share/my_box_bot_gazebo/package.ps1'
[12.614s] INFO:colcon.colcon_core.shell:Creating package descriptor '/home/user/ros2_ws/install/my_box_bot_gazebo/share/my_box_bot_gazebo/package.dsv'
[12.615s] INFO:colcon.colcon_core.shell:Creating package script '/home/user/ros2_ws/install/my_box_bot_gazebo/share/my_box_bot_gazebo/package.sh'
[12.615s] INFO:colcon.colcon_core.shell:Creating package script '/home/user/ros2_ws/install/my_box_bot_gazebo/share/my_box_bot_gazebo/package.bash'
[12.616s] INFO:colcon.colcon_core.shell:Creating package script '/home/user/ros2_ws/install/my_box_bot_gazebo/share/my_box_bot_gazebo/package.zsh'
[12.616s] Level 1:colcon.colcon_core.environment:create_file_with_runtime_dependencies(/home/user/ros2_ws/install/my_box_bot_gazebo/share/colcon-core/packages/my_box_bot_gazebo)
[12.617s] DEBUG:colcon.colcon_parallel_executor.executor.parallel:closing loop
[12.617s] DEBUG:colcon.colcon_parallel_executor.executor.parallel:loop closed
[12.617s] DEBUG:colcon.colcon_parallel_executor.executor.parallel:run_until_complete finished with '0'
[12.617s] DEBUG:colcon.colcon_core.event_reactor:joining thread
[13.055s] INFO:colcon.colcon_core.plugin_system:Skipping extension 'colcon_notification.desktop_notification.notify_send': Could not find 'notify-send'
[13.055s] INFO:colcon.colcon_core.plugin_system:Skipping extension 'colcon_notification.desktop_notification.terminal_notifier': Not used on non-Darwin systems
[13.055s] INFO:colcon.colcon_core.plugin_system:Skipping extension 'colcon_notification.desktop_notification.win32': Not used on non-Windows systems
[13.055s] INFO:colcon.colcon_notification.desktop_notification:Sending desktop notification using 'notify2'
[13.182s] DEBUG:colcon.colcon_notification.desktop_notification.notify2:Failed to initialize notify2: org.freedesktop.DBus.Error.Spawn.ExecFailed: /usr/bin/dbus-launch terminated abnormally without any error message
[13.182s] DEBUG:colcon.colcon_core.event_reactor:joined thread
[13.183s] INFO:colcon.colcon_core.shell:Creating prefix script '/home/user/ros2_ws/install/local_setup.ps1'
[13.188s] INFO:colcon.colcon_core.shell:Creating prefix util module '/home/user/ros2_ws/install/_local_setup_util_ps1.py'
[13.191s] INFO:colcon.colcon_core.shell:Creating prefix chain script '/home/user/ros2_ws/install/setup.ps1'
[13.192s] INFO:colcon.colcon_core.shell:Creating prefix script '/home/user/ros2_ws/install/local_setup.sh'
[13.193s] INFO:colcon.colcon_core.shell:Creating prefix util module '/home/user/ros2_ws/install/_local_setup_util_sh.py'
[13.194s] INFO:colcon.colcon_core.shell:Creating prefix chain script '/home/user/ros2_ws/install/setup.sh'
[13.195s] INFO:colcon.colcon_core.shell:Creating prefix script '/home/user/ros2_ws/install/local_setup.bash'
[13.196s] INFO:colcon.colcon_core.shell:Creating prefix chain script '/home/user/ros2_ws/install/setup.bash'
[13.198s] INFO:colcon.colcon_core.shell:Creating prefix script '/home/user/ros2_ws/install/local_setup.zsh'
[13.199s] INFO:colcon.colcon_core.shell:Creating prefix chain script '/home/user/ros2_ws/install/setup.zsh'
