[0.230s] Invoking command in '/home/user/ros2_ws/build/urdfbot_description': _=/usr/bin/env /usr/bin/cmake --build /home/user/ros2_ws/build/urdfbot_description -- -j8 -l8
[1.437s] Invoked command in '/home/user/ros2_ws/build/urdfbot_description' returned '0': _=/usr/bin/env /usr/bin/cmake --build /home/user/ros2_ws/build/urdfbot_description -- -j8 -l8
[1.488s] Invoking command in '/home/user/ros2_ws/build/urdfbot_description': _=/usr/bin/env /usr/bin/cmake --install /home/user/ros2_ws/build/urdfbot_description
[1.498s] -- Install configuration: ""
[1.498s] -- Up-to-date: /home/user/ros2_ws/install/urdfbot_description/share/urdfbot_description/urdf
[1.498s] -- Up-to-date: /home/user/ros2_ws/install/urdfbot_description/share/urdfbot_description/urdf/urdfbot_simple.urdf
[1.498s] -- Up-to-date: /home/user/ros2_ws/install/urdfbot_description/share/urdfbot_description/rviz
[1.498s] -- Up-to-date: /home/user/ros2_ws/install/urdfbot_description/share/urdfbot_description/rviz/urdf_vis.rviz
[1.499s] -- Up-to-date: /home/user/ros2_ws/install/urdfbot_description/share/urdfbot_description/launch
[1.499s] -- Up-to-date: /home/user/ros2_ws/install/urdfbot_description/share/urdfbot_description/launch/urdf_visualize.launch.py
[1.499s] -- Up-to-date: /home/user/ros2_ws/install/urdfbot_description/share/urdfbot_description/meshes
[1.499s] -- Up-to-date: /home/user/ros2_ws/install/urdfbot_description/share/urdfbot_description/meshes/urdfbot_limb.dae
[1.499s] -- Up-to-date: /home/user/ros2_ws/install/urdfbot_description/share/urdfbot_description/meshes/urdfbot_head.dae
[1.499s] -- Up-to-date: /home/user/ros2_ws/install/urdfbot_description/share/urdfbot_description/meshes/urdfbot_claw.dae
[1.500s] -- Up-to-date: /home/user/ros2_ws/install/urdfbot_description/share/urdfbot_description/meshes/urdfbot_texture.png
[1.500s] -- Up-to-date: /home/user/ros2_ws/install/urdfbot_description/share/urdfbot_description/meshes/urdfbot_foot.dae
[1.500s] -- Up-to-date: /home/user/ros2_ws/install/urdfbot_description/share/urdfbot_description/meshes/urdfbot_body.dae
[1.500s] -- Up-to-date: /home/user/ros2_ws/install/urdfbot_description/share/ament_index/resource_index/package_run_dependencies/urdfbot_description
[1.500s] -- Up-to-date: /home/user/ros2_ws/install/urdfbot_description/share/ament_index/resource_index/parent_prefix_path/urdfbot_description
[1.500s] -- Up-to-date: /home/user/ros2_ws/install/urdfbot_description/share/urdfbot_description/environment/ament_prefix_path.sh
[1.500s] -- Up-to-date: /home/user/ros2_ws/install/urdfbot_description/share/urdfbot_description/environment/ament_prefix_path.dsv
[1.501s] -- Up-to-date: /home/user/ros2_ws/install/urdfbot_description/share/urdfbot_description/environment/path.sh
[1.501s] -- Up-to-date: /home/user/ros2_ws/install/urdfbot_description/share/urdfbot_description/environment/path.dsv
[1.501s] -- Up-to-date: /home/user/ros2_ws/install/urdfbot_description/share/urdfbot_description/local_setup.bash
[1.501s] -- Up-to-date: /home/user/ros2_ws/install/urdfbot_description/share/urdfbot_description/local_setup.sh
[1.501s] -- Up-to-date: /home/user/ros2_ws/install/urdfbot_description/share/urdfbot_description/local_setup.zsh
[1.502s] -- Up-to-date: /home/user/ros2_ws/install/urdfbot_description/share/urdfbot_description/local_setup.dsv
[1.503s] -- Installing: /home/user/ros2_ws/install/urdfbot_description/share/urdfbot_description/package.dsv
[1.503s] -- Up-to-date: /home/user/ros2_ws/install/urdfbot_description/share/ament_index/resource_index/packages/urdfbot_description
[1.503s] -- Up-to-date: /home/user/ros2_ws/install/urdfbot_description/share/urdfbot_description/cmake/urdfbot_descriptionConfig.cmake
[1.503s] -- Up-to-date: /home/user/ros2_ws/install/urdfbot_description/share/urdfbot_description/cmake/urdfbot_descriptionConfig-version.cmake
[1.504s] -- Up-to-date: /home/user/ros2_ws/install/urdfbot_description/share/urdfbot_description/package.xml
[1.505s] Invoked command in '/home/user/ros2_ws/build/urdfbot_description' returned '0': _=/usr/bin/env /usr/bin/cmake --install /home/user/ros2_ws/build/urdfbot_description
