[0.183s] Invoking command in '/home/user/ros2_ws/build/my_box_bot_description': _=/usr/bin/env /usr/bin/cmake --build /home/user/ros2_ws/build/my_box_bot_description -- -j8 -l8
[0.314s] -- Found ament_cmake: 1.1.5 (/opt/ros/galactic/share/ament_cmake/cmake)
[0.417s] -- Using PYTHON_EXECUTABLE: /usr/bin/python3
[0.779s] -- Override CMake install command with custom implementation using symlinks instead of copying resources
[0.799s] -- Found urdf: 2.5.2 (/opt/ros/galactic/share/urdf/cmake)
[1.093s] -- Found xacro: 2.0.7 (/opt/ros/galactic/share/xacro/cmake)
[1.101s] -- Found ros2_control: 1.3.0 (/opt/ros/galactic/share/ros2_control/cmake)
[1.114s] -- Found gazebo_ros2_control: 0.0.7 (/opt/ros/galactic/share/gazebo_ros2_control/cmake)
[1.584s] -- Using all available rosidl_typesupport_c: rosidl_typesupport_fastrtps_c;rosidl_typesupport_introspection_c
[1.682s] -- Found rosidl_adapter: 2.2.1 (/opt/ros/galactic/share/rosidl_adapter/cmake)
[3.377s] -- Found OpenSSL: /usr/lib/x86_64-linux-gnu/libcrypto.so (found version "1.1.1f")  
[3.683s] -- Found FastRTPS: /opt/ros/galactic/include  
[4.213s] -- Using all available rosidl_typesupport_cpp: rosidl_typesupport_fastrtps_cpp;rosidl_typesupport_introspection_cpp
[4.915s] -- Found rmw_implementation_cmake: 3.3.1 (/opt/ros/galactic/share/rmw_implementation_cmake/cmake)
[4.992s] -- Found rmw_cyclonedds_cpp: 0.22.4 (/opt/ros/galactic/share/rmw_cyclonedds_cpp/cmake)
[5.177s] -- Using RMW implementation 'rmw_cyclonedds_cpp' as default
[5.183s] -- Looking for pthread.h
[13.193s] -- Looking for pthread.h - found
[13.194s] -- Performing Test CMAKE_HAVE_LIBC_PTHREAD
[13.681s] -- Performing Test CMAKE_HAVE_LIBC_PTHREAD - Failed
[13.683s] -- Looking for pthread_create in pthreads
[14.179s] -- Looking for pthread_create in pthreads - not found
[14.179s] -- Looking for pthread_create in pthread
[14.588s] -- Looking for pthread_create in pthread - found
[14.590s] -- Found Threads: TRUE  
[15.819s] -- Found joint_state_broadcaster: 1.3.0 (/opt/ros/galactic/share/joint_state_broadcaster/cmake)
[19.579s] -- Found joint_trajectory_controller: 1.3.0 (/opt/ros/galactic/share/joint_trajectory_controller/cmake)
[20.294s] -- Found velocity_controllers: 1.3.0 (/opt/ros/galactic/share/velocity_controllers/cmake)
[21.895s] -- Found ament_lint_auto: 0.10.6 (/opt/ros/galactic/share/ament_lint_auto/cmake)
[22.281s] -- Added test 'copyright' to check source files copyright and LICENSE
[22.289s] -- Added test 'flake8' to check Python code syntax and style conventions
[22.294s] -- Added test 'lint_cmake' to check CMake code style
[22.294s] -- Added test 'pep257' to check Python code against some of the style conventions in PEP 257
[22.295s] -- Added test 'xmllint' to check XML markup files
[22.310s] -- Configuring done
[22.315s] -- Generating done
[22.319s] -- Build files have been written to: /home/user/ros2_ws/build/my_box_bot_description
[22.487s] Invoked command in '/home/user/ros2_ws/build/my_box_bot_description' returned '0': _=/usr/bin/env /usr/bin/cmake --build /home/user/ros2_ws/build/my_box_bot_description -- -j8 -l8
[22.619s] Invoking command in '/home/user/ros2_ws/build/my_box_bot_description': _=/usr/bin/env /usr/bin/cmake --install /home/user/ros2_ws/build/my_box_bot_description
[22.779s] -- Install configuration: ""
[22.779s] -- Execute custom install script
[22.779s] -- Up-to-date symlink: /home/user/ros2_ws/install/my_box_bot_description/share/my_box_bot_description//urdf/box_bot_control_complete.urdf
[22.779s] -- Up-to-date symlink: /home/user/ros2_ws/install/my_box_bot_description/share/my_box_bot_description//urdf/box_bot_geometric.urdf
[22.779s] -- Up-to-date symlink: /home/user/ros2_ws/install/my_box_bot_description/share/my_box_bot_description//urdf/box_bot_geometric_meshes.urdf
[22.780s] -- Up-to-date symlink: /home/user/ros2_ws/install/my_box_bot_description/share/my_box_bot_description//urdf/box_bot_meshes_collisions_inertias.urdf
[22.780s] -- Up-to-date symlink: /home/user/ros2_ws/install/my_box_bot_description/share/my_box_bot_description//urdf/box_bot_physcal_control.urdf
[22.780s] -- Up-to-date symlink: /home/user/ros2_ws/install/my_box_bot_description/share/my_box_bot_description//urdf/box_bot_physical_properties.urdf
[22.781s] -- Up-to-date symlink: /home/user/ros2_ws/install/my_box_bot_description/share/my_box_bot_description//rviz/urdf_vis.rviz
[22.781s] -- Up-to-date symlink: /home/user/ros2_ws/install/my_box_bot_description/share/my_box_bot_description//launch/urdf_visualize_control.launch.py
[22.781s] -- Up-to-date symlink: /home/user/ros2_ws/install/my_box_bot_description/share/my_box_bot_description//launch/urdf_visualize_control_complete.launch.py
[22.782s] -- Up-to-date symlink: /home/user/ros2_ws/install/my_box_bot_description/share/my_box_bot_description//launch/urdf_visualize_geometric.launch.py
[22.782s] -- Up-to-date symlink: /home/user/ros2_ws/install/my_box_bot_description/share/my_box_bot_description//launch/urdf_visualize_meshes.launch.py
[22.782s] -- Up-to-date symlink: /home/user/ros2_ws/install/my_box_bot_description/share/my_box_bot_description//launch/urdf_visualize_meshes_collisions_inertias.launch.py
[22.782s] -- Up-to-date symlink: /home/user/ros2_ws/install/my_box_bot_description/share/my_box_bot_description//launch/urdf_visualize_physical.launch.py
[22.783s] -- Up-to-date symlink: /home/user/ros2_ws/install/my_box_bot_description/share/my_box_bot_description//meshes/cute_cube.blend
[22.783s] -- Up-to-date symlink: /home/user/ros2_ws/install/my_box_bot_description/share/my_box_bot_description//meshes/cute_cube.dae
[22.783s] -- Up-to-date symlink: /home/user/ros2_ws/install/my_box_bot_description/share/my_box_bot_description//meshes/lambert3_baseColor.png
[22.783s] -- Up-to-date symlink: /home/user/ros2_ws/install/my_box_bot_description/share/my_box_bot_description//meshes/sensors/realsense.dae
[22.783s] -- Up-to-date symlink: /home/user/ros2_ws/install/my_box_bot_description/share/my_box_bot_description//meshes/sensors/rplidar.dae
[22.783s] -- Up-to-date symlink: /home/user/ros2_ws/install/my_box_bot_description/share/my_box_bot_description//meshes/sensors/rplidartexture.png
[22.783s] -- Up-to-date symlink: /home/user/ros2_ws/install/my_box_bot_description/share/my_box_bot_description//meshes/textures/lambert3_baseColor.png
[22.784s] -- Up-to-date symlink: /home/user/ros2_ws/install/my_box_bot_description/share/my_box_bot_description//config/controller_position.yaml
[22.784s] -- Up-to-date symlink: /home/user/ros2_ws/install/my_box_bot_description/share/ament_index/resource_index/package_run_dependencies/my_box_bot_description
[22.784s] -- Up-to-date symlink: /home/user/ros2_ws/install/my_box_bot_description/share/ament_index/resource_index/parent_prefix_path/my_box_bot_description
[22.784s] -- Up-to-date symlink: /home/user/ros2_ws/install/my_box_bot_description/share/my_box_bot_description/environment/ament_prefix_path.sh
[22.785s] -- Up-to-date symlink: /home/user/ros2_ws/install/my_box_bot_description/share/my_box_bot_description/environment/ament_prefix_path.dsv
[22.785s] -- Up-to-date symlink: /home/user/ros2_ws/install/my_box_bot_description/share/my_box_bot_description/environment/path.sh
[22.786s] -- Up-to-date symlink: /home/user/ros2_ws/install/my_box_bot_description/share/my_box_bot_description/environment/path.dsv
[22.787s] -- Up-to-date symlink: /home/user/ros2_ws/install/my_box_bot_description/share/my_box_bot_description/local_setup.bash
[22.788s] -- Up-to-date symlink: /home/user/ros2_ws/install/my_box_bot_description/share/my_box_bot_description/local_setup.sh
[22.788s] -- Up-to-date symlink: /home/user/ros2_ws/install/my_box_bot_description/share/my_box_bot_description/local_setup.zsh
[22.788s] -- Up-to-date symlink: /home/user/ros2_ws/install/my_box_bot_description/share/my_box_bot_description/local_setup.dsv
[22.788s] -- Symlinking: /home/user/ros2_ws/install/my_box_bot_description/share/my_box_bot_description/package.dsv
[22.804s] -- Up-to-date symlink: /home/user/ros2_ws/install/my_box_bot_description/share/ament_index/resource_index/packages/my_box_bot_description
[22.805s] -- Up-to-date symlink: /home/user/ros2_ws/install/my_box_bot_description/share/my_box_bot_description/cmake/my_box_bot_descriptionConfig.cmake
[22.806s] -- Up-to-date symlink: /home/user/ros2_ws/install/my_box_bot_description/share/my_box_bot_description/cmake/my_box_bot_descriptionConfig-version.cmake
[22.807s] -- Up-to-date symlink: /home/user/ros2_ws/install/my_box_bot_description/share/my_box_bot_description/package.xml
[22.811s] Invoked command in '/home/user/ros2_ws/build/my_box_bot_description' returned '0': _=/usr/bin/env /usr/bin/cmake --install /home/user/ros2_ws/build/my_box_bot_description
