[0.018s] Invoking command in '/home/user/ros2_ws/build/my_box_bot_gazebo': AMENT_PREFIX_PATH=/home/user/ros2_ws/install/my_box_bot_description:${AMENT_PREFIX_PATH} CMAKE_PREFIX_PATH=/home/user/ros2_ws/install/my_box_bot_description${CMAKE_PREFIX_PATH} _=/usr/bin/env /usr/bin/cmake /home/user/ros2_ws/src/my_box_bot_gazebo -DCMAKE_INSTALL_PREFIX=/home/user/ros2_ws/install/my_box_bot_gazebo
[0.034s] -- Found ament_cmake: 1.1.5 (/opt/ros/galactic/share/ament_cmake/cmake)
[0.059s] -- Using PYTHON_EXECUTABLE: /usr/bin/python3
[0.127s] -- Override CMake install command with custom implementation using symlinks instead of copying resources
[0.138s] -- Found rclpy: 1.9.0 (/opt/ros/galactic/share/rclpy/cmake)
[0.140s] -- Found gazebo_ros: 3.5.2 (/opt/ros/galactic/share/gazebo_ros/cmake)
[0.244s] -- Using all available rosidl_typesupport_c: rosidl_typesupport_fastrtps_c;rosidl_typesupport_introspection_c
[0.257s] -- Found rosidl_adapter: 2.2.1 (/opt/ros/galactic/share/rosidl_adapter/cmake)
[0.783s] -- Using all available rosidl_typesupport_cpp: rosidl_typesupport_fastrtps_cpp;rosidl_typesupport_introspection_cpp
[0.909s] -- Found rmw_implementation_cmake: 3.3.1 (/opt/ros/galactic/share/rmw_implementation_cmake/cmake)
[0.915s] -- Found rmw_cyclonedds_cpp: 0.22.4 (/opt/ros/galactic/share/rmw_cyclonedds_cpp/cmake)
[0.951s] -- Using RMW implementation 'rmw_cyclonedds_cpp' as default
[1.921s] -- Found DART: /usr/include (Required is at least version "6.6") found components: dart 
[2.887s] -- Found Protobuf: /usr/lib/x86_64-linux-gnu/libprotobuf.so;-lpthread (found version "3.6.1") 
[2.894s] -- Looking for ignition-math6 -- found version 6.9.2
[3.121s] -- Searching for dependencies of ignition-math6
[3.196s] -- Looking for OGRE...
[3.302s] -- Found Ogre Ghadamon (1.9.0)
[3.303s] -- Found OGRE: optimized;/usr/lib/x86_64-linux-gnu/libOgreMain.so;debug;/usr/lib/x86_64-linux-gnu/libOgreMain.so
[3.315s] -- Looking for OGRE_Paging...
[3.316s] -- Found OGRE_Paging: optimized;/usr/lib/x86_64-linux-gnu/libOgrePaging.so;debug;/usr/lib/x86_64-linux-gnu/libOgrePaging.so
[3.316s] -- Looking for OGRE_Terrain...
[3.316s] -- Found OGRE_Terrain: optimized;/usr/lib/x86_64-linux-gnu/libOgreTerrain.so;debug;/usr/lib/x86_64-linux-gnu/libOgreTerrain.so
[3.317s] -- Looking for OGRE_Property...
[3.317s] -- Found OGRE_Property: optimized;/usr/lib/x86_64-linux-gnu/libOgreProperty.so;debug;/usr/lib/x86_64-linux-gnu/libOgreProperty.so
[3.317s] -- Looking for OGRE_RTShaderSystem...
[3.317s] -- Found OGRE_RTShaderSystem: optimized;/usr/lib/x86_64-linux-gnu/libOgreRTShaderSystem.so;debug;/usr/lib/x86_64-linux-gnu/libOgreRTShaderSystem.so
[3.317s] -- Looking for OGRE_Volume...
[3.317s] -- Found OGRE_Volume: optimized;/usr/lib/x86_64-linux-gnu/libOgreVolume.so;debug;/usr/lib/x86_64-linux-gnu/libOgreVolume.so
[3.317s] -- Looking for OGRE_Overlay...
[3.317s] -- Found OGRE_Overlay: optimized;/usr/lib/x86_64-linux-gnu/libOgreOverlay.so;debug;/usr/lib/x86_64-linux-gnu/libOgreOverlay.so
[3.480s] -- Looking for ignition-math6 -- found version 6.9.2
[3.483s] -- Looking for ignition-transport8 -- found version 8.2.1
[3.484s] -- Searching for dependencies of ignition-transport8
[3.515s] -- Found Protobuf: /usr/lib/x86_64-linux-gnu/libprotobuf.so;-lpthread (found suitable version "3.6.1", minimum required is "3") 
[3.539s] -- Config-file not installed for ZeroMQ -- checking for pkg-config
[3.544s] -- Checking for module 'libzmq >= 4'
[3.571s] --   Found libzmq , version 4.3.2
[3.631s] -- Checking for module 'uuid'
[3.743s] --   Found uuid, version 2.34.0
[3.798s] -- Looking for ignition-msgs5 -- found version 5.8.1
[3.798s] -- Searching for dependencies of ignition-msgs5
[3.831s] -- Looking for ignition-math6 -- found version 6.9.2
[3.836s] -- Checking for module 'tinyxml2'
[3.930s] --   Found tinyxml2, version 6.2.0
[3.988s] -- Looking for ignition-msgs5 -- found version 5.8.1
[3.990s] -- Looking for ignition-common3 -- found version 3.14.0
[3.991s] -- Searching for dependencies of ignition-common3
[3.992s] -- Looking for dlfcn.h - found
[3.992s] -- Looking for libdl - found
[4.001s] -- Searching for <ignition-common3> component [graphics]
[4.003s] -- Looking for ignition-common3-graphics -- found version 3.14.0
[4.004s] -- Searching for dependencies of ignition-common3-graphics
[4.004s] -- Looking for ignition-math6 -- found version 6.9.2
[4.008s] -- Looking for ignition-fuel_tools4 -- found version 4.4.0
[4.008s] -- Searching for dependencies of ignition-fuel_tools4
[4.222s] -- Checking for module 'jsoncpp'
[4.321s] --   Found jsoncpp, version 1.7.4
[4.386s] -- Checking for module 'libzip'
[4.407s] --   Found libzip, version 1.5.1
[4.459s] -- Looking for ignition-common3 -- found version 3.14.0
[4.459s] -- Looking for ignition-math6 -- found version 6.9.2
[4.460s] -- Looking for ignition-msgs5 -- found version 5.8.1
[4.462s] -- Gazebo version: 11.9
[4.473s] -- Found my_box_bot_description: 0.0.0 (/home/user/ros2_ws/install/my_box_bot_description/share/my_box_bot_description/cmake)
[4.474s] -- Found ament_lint_auto: 0.10.6 (/opt/ros/galactic/share/ament_lint_auto/cmake)
[4.559s] -- Added test 'copyright' to check source files copyright and LICENSE
[4.562s] -- Added test 'flake8' to check Python code syntax and style conventions
[4.562s] -- Added test 'lint_cmake' to check CMake code style
[4.563s] -- Added test 'pep257' to check Python code against some of the style conventions in PEP 257
[4.565s] -- Added test 'xmllint' to check XML markup files
[4.570s] -- Configuring done
[4.574s] -- Generating done
[4.577s] -- Build files have been written to: /home/user/ros2_ws/build/my_box_bot_gazebo
[4.590s] Invoked command in '/home/user/ros2_ws/build/my_box_bot_gazebo' returned '0': AMENT_PREFIX_PATH=/home/user/ros2_ws/install/my_box_bot_description:${AMENT_PREFIX_PATH} CMAKE_PREFIX_PATH=/home/user/ros2_ws/install/my_box_bot_description${CMAKE_PREFIX_PATH} _=/usr/bin/env /usr/bin/cmake /home/user/ros2_ws/src/my_box_bot_gazebo -DCMAKE_INSTALL_PREFIX=/home/user/ros2_ws/install/my_box_bot_gazebo
[4.594s] Invoking command in '/home/user/ros2_ws/build/my_box_bot_gazebo': AMENT_PREFIX_PATH=/home/user/ros2_ws/install/my_box_bot_description:${AMENT_PREFIX_PATH} CMAKE_PREFIX_PATH=/home/user/ros2_ws/install/my_box_bot_description${CMAKE_PREFIX_PATH} _=/usr/bin/env /usr/bin/cmake --build /home/user/ros2_ws/build/my_box_bot_gazebo -- -j8 -l8
[4.649s] Invoked command in '/home/user/ros2_ws/build/my_box_bot_gazebo' returned '0': AMENT_PREFIX_PATH=/home/user/ros2_ws/install/my_box_bot_description:${AMENT_PREFIX_PATH} CMAKE_PREFIX_PATH=/home/user/ros2_ws/install/my_box_bot_description${CMAKE_PREFIX_PATH} _=/usr/bin/env /usr/bin/cmake --build /home/user/ros2_ws/build/my_box_bot_gazebo -- -j8 -l8
[4.686s] Invoking command in '/home/user/ros2_ws/build/my_box_bot_gazebo': AMENT_PREFIX_PATH=/home/user/ros2_ws/install/my_box_bot_description:${AMENT_PREFIX_PATH} CMAKE_PREFIX_PATH=/home/user/ros2_ws/install/my_box_bot_description${CMAKE_PREFIX_PATH} _=/usr/bin/env /usr/bin/cmake --install /home/user/ros2_ws/build/my_box_bot_gazebo
[4.696s] -- Install configuration: ""
[4.697s] -- Execute custom install script
[4.698s] -- Up-to-date symlink: /home/user/ros2_ws/install/my_box_bot_gazebo/share/my_box_bot_gazebo//launch/spawn_robot_description.launch.py
[4.698s] -- Up-to-date symlink: /home/user/ros2_ws/install/my_box_bot_gazebo/share/my_box_bot_gazebo//launch/spawn_robot_ros2.launch.xml
[4.698s] -- Symlinking: /home/user/ros2_ws/install/my_box_bot_gazebo/share/my_box_bot_gazebo//launch/spawn_robot_ros2_physical.launch.xml
[4.708s] -- Up-to-date symlink: /home/user/ros2_ws/install/my_box_bot_gazebo/share/my_box_bot_gazebo//launch/start_world.launch.py
[4.708s] -- Up-to-date symlink: /home/user/ros2_ws/install/my_box_bot_gazebo/share/my_box_bot_gazebo//worlds/box_bot_empty.world
[4.709s] -- Up-to-date symlink: /home/user/ros2_ws/install/my_box_bot_gazebo/share/my_box_bot_gazebo//models/box_room/meshes/box_room.dae
[4.709s] -- Up-to-date symlink: /home/user/ros2_ws/install/my_box_bot_gazebo/share/my_box_bot_gazebo//models/box_room/meshes/chambre.png
[4.709s] -- Up-to-date symlink: /home/user/ros2_ws/install/my_box_bot_gazebo/share/my_box_bot_gazebo//models/box_room/model.config
[4.709s] -- Up-to-date symlink: /home/user/ros2_ws/install/my_box_bot_gazebo/share/my_box_bot_gazebo//models/box_room/model.sdf
[4.710s] -- Up-to-date symlink: /home/user/ros2_ws/install/my_box_bot_gazebo/share/ament_index/resource_index/package_run_dependencies/my_box_bot_gazebo
[4.710s] -- Up-to-date symlink: /home/user/ros2_ws/install/my_box_bot_gazebo/share/ament_index/resource_index/parent_prefix_path/my_box_bot_gazebo
[4.710s] -- Up-to-date symlink: /home/user/ros2_ws/install/my_box_bot_gazebo/share/my_box_bot_gazebo/environment/ament_prefix_path.sh
[4.711s] -- Up-to-date symlink: /home/user/ros2_ws/install/my_box_bot_gazebo/share/my_box_bot_gazebo/environment/ament_prefix_path.dsv
[4.711s] -- Up-to-date symlink: /home/user/ros2_ws/install/my_box_bot_gazebo/share/my_box_bot_gazebo/environment/path.sh
[4.711s] -- Up-to-date symlink: /home/user/ros2_ws/install/my_box_bot_gazebo/share/my_box_bot_gazebo/environment/path.dsv
[4.712s] -- Up-to-date symlink: /home/user/ros2_ws/install/my_box_bot_gazebo/share/my_box_bot_gazebo/local_setup.bash
[4.712s] -- Up-to-date symlink: /home/user/ros2_ws/install/my_box_bot_gazebo/share/my_box_bot_gazebo/local_setup.sh
[4.712s] -- Up-to-date symlink: /home/user/ros2_ws/install/my_box_bot_gazebo/share/my_box_bot_gazebo/local_setup.zsh
[4.713s] -- Up-to-date symlink: /home/user/ros2_ws/install/my_box_bot_gazebo/share/my_box_bot_gazebo/local_setup.dsv
[4.713s] -- Symlinking: /home/user/ros2_ws/install/my_box_bot_gazebo/share/my_box_bot_gazebo/package.dsv
[4.724s] -- Up-to-date symlink: /home/user/ros2_ws/install/my_box_bot_gazebo/share/ament_index/resource_index/packages/my_box_bot_gazebo
[4.724s] -- Up-to-date symlink: /home/user/ros2_ws/install/my_box_bot_gazebo/share/my_box_bot_gazebo/cmake/my_box_bot_gazeboConfig.cmake
[4.724s] -- Up-to-date symlink: /home/user/ros2_ws/install/my_box_bot_gazebo/share/my_box_bot_gazebo/cmake/my_box_bot_gazeboConfig-version.cmake
[4.725s] -- Up-to-date symlink: /home/user/ros2_ws/install/my_box_bot_gazebo/share/my_box_bot_gazebo/package.xml
[4.728s] Invoked command in '/home/user/ros2_ws/build/my_box_bot_gazebo' returned '0': AMENT_PREFIX_PATH=/home/user/ros2_ws/install/my_box_bot_description:${AMENT_PREFIX_PATH} CMAKE_PREFIX_PATH=/home/user/ros2_ws/install/my_box_bot_description${CMAKE_PREFIX_PATH} _=/usr/bin/env /usr/bin/cmake --install /home/user/ros2_ws/build/my_box_bot_gazebo
